2016-10-13 20:13:18.999  INFO 3472 --- [main] nl.avans.facturatie.main.Application     : Starting Application on Tom-PC with PID 3472 (C:\Users\Tom\Documents\GitHub\proftaakVH5B1\target\classes started by Tom in C:\Users\Tom\Documents\GitHub\proftaakVH5B1)
2016-10-13 20:13:19.000  INFO 3472 --- [main] nl.avans.facturatie.main.Application     : The following profiles are active: default
2016-10-13 20:13:19.239  INFO 3472 --- [main] ationConfigEmbeddedWebApplicationContext : Refreshing org.springframework.boot.context.embedded.AnnotationConfigEmbeddedWebApplicationContext@2cd76f31: startup date [Thu Oct 13 20:13:19 CEST 2016]; root of context hierarchy
2016-10-13 20:13:21.067  INFO 3472 --- [main] trationDelegate$BeanPostProcessorChecker : Bean 'org.springframework.transaction.annotation.ProxyTransactionManagementConfiguration' of type [class org.springframework.transaction.annotation.ProxyTransactionManagementConfiguration$$EnhancerBySpringCGLIB$$127a43ae] is not eligible for getting processed by all BeanPostProcessors (for example: not eligible for auto-proxying)
2016-10-13 20:13:21.715  INFO 3472 --- [main] s.b.c.e.t.TomcatEmbeddedServletContainer : Tomcat initialized with port(s): 8080 (http)
2016-10-13 20:13:21.729  INFO 3472 --- [main] o.apache.catalina.core.StandardService   : Starting service Tomcat
2016-10-13 20:13:21.730  INFO 3472 --- [main] org.apache.catalina.core.StandardEngine  : Starting Servlet Engine: Apache Tomcat/8.5.5
2016-10-13 20:13:21.833  INFO 3472 --- [localhost-startStop-1] o.a.c.c.C.[Tomcat].[localhost].[/]       : Initializing Spring embedded WebApplicationContext
2016-10-13 20:13:21.838  INFO 3472 --- [localhost-startStop-1] o.s.web.context.ContextLoader            : Root WebApplicationContext: initialization completed in 2602 ms
2016-10-13 20:13:22.054  INFO 3472 --- [localhost-startStop-1] o.s.b.w.servlet.ServletRegistrationBean  : Mapping servlet: 'dispatcherServlet' to [/]
2016-10-13 20:13:22.062  INFO 3472 --- [localhost-startStop-1] o.s.b.w.servlet.FilterRegistrationBean   : Mapping filter: 'characterEncodingFilter' to: [/*]
2016-10-13 20:13:22.062  INFO 3472 --- [localhost-startStop-1] o.s.b.w.servlet.FilterRegistrationBean   : Mapping filter: 'hiddenHttpMethodFilter' to: [/*]
2016-10-13 20:13:22.068  INFO 3472 --- [localhost-startStop-1] o.s.b.w.servlet.FilterRegistrationBean   : Mapping filter: 'httpPutFormContentFilter' to: [/*]
2016-10-13 20:13:22.069  INFO 3472 --- [localhost-startStop-1] o.s.b.w.servlet.FilterRegistrationBean   : Mapping filter: 'requestContextFilter' to: [/*]
2016-10-13 20:13:22.351  INFO 3472 --- [main] o.s.b.f.config.PropertiesFactoryBean     : Loading properties file from class path resource [rest-default-messages.properties]
2016-10-13 20:13:22.889  INFO 3472 --- [main] s.w.s.m.m.a.RequestMappingHandlerAdapter : Looking for @ControllerAdvice: org.springframework.boot.context.embedded.AnnotationConfigEmbeddedWebApplicationContext@2cd76f31: startup date [Thu Oct 13 20:13:19 CEST 2016]; root of context hierarchy
2016-10-13 20:13:23.024  INFO 3472 --- [main] s.w.s.m.m.a.RequestMappingHandlerMapping : Mapped "{[/]}" onto java.lang.String nl.avans.facturatie.presentation.HomeController.index(org.springframework.ui.Model)
2016-10-13 20:13:23.026  INFO 3472 --- [main] s.w.s.m.m.a.RequestMappingHandlerMapping : Mapped "{[/login]}" onto java.lang.String nl.avans.facturatie.presentation.LoginController.index(org.springframework.ui.Model)
2016-10-13 20:13:23.030  INFO 3472 --- [main] s.w.s.m.m.a.RequestMappingHandlerMapping : Mapped "{[/error]}" onto public org.springframework.http.ResponseEntity<java.util.Map<java.lang.String, java.lang.Object>> org.springframework.boot.autoconfigure.web.BasicErrorController.error(javax.servlet.http.HttpServletRequest)
2016-10-13 20:13:23.031  INFO 3472 --- [main] s.w.s.m.m.a.RequestMappingHandlerMapping : Mapped "{[/error],produces=[text/html]}" onto public org.springframework.web.servlet.ModelAndView org.springframework.boot.autoconfigure.web.BasicErrorController.errorHtml(javax.servlet.http.HttpServletRequest,javax.servlet.http.HttpServletResponse)
2016-10-13 20:13:23.094  INFO 3472 --- [main] o.s.w.s.handler.SimpleUrlHandlerMapping  : Mapped URL path [/static/**] onto handler of type [class org.springframework.web.servlet.resource.ResourceHttpRequestHandler]
2016-10-13 20:13:23.095  INFO 3472 --- [main] o.s.w.s.handler.SimpleUrlHandlerMapping  : Mapped URL path [/webjars/**] onto handler of type [class org.springframework.web.servlet.resource.ResourceHttpRequestHandler]
2016-10-13 20:13:23.097  INFO 3472 --- [main] o.s.w.s.handler.SimpleUrlHandlerMapping  : Mapped URL path [/**] onto handler of type [class org.springframework.web.servlet.resource.ResourceHttpRequestHandler]
2016-10-13 20:13:23.122  INFO 3472 --- [main] o.s.w.s.handler.SimpleUrlHandlerMapping  : Mapped URL path [/**] onto handler of type [class org.springframework.web.servlet.resource.DefaultServletHttpRequestHandler]
2016-10-13 20:13:23.164  INFO 3472 --- [main] .m.m.a.ExceptionHandlerExceptionResolver : Detected @ExceptionHandler methods in repositoryRestExceptionHandler
2016-10-13 20:13:23.229  INFO 3472 --- [main] o.s.w.s.handler.SimpleUrlHandlerMapping  : Mapped URL path [/**/favicon.ico] onto handler of type [class org.springframework.web.servlet.resource.ResourceHttpRequestHandler]
2016-10-13 20:13:23.460  INFO 3472 --- [main] o.s.d.r.w.RepositoryRestHandlerAdapter   : Looking for @ControllerAdvice: org.springframework.boot.context.embedded.AnnotationConfigEmbeddedWebApplicationContext@2cd76f31: startup date [Thu Oct 13 20:13:19 CEST 2016]; root of context hierarchy
2016-10-13 20:13:23.470  INFO 3472 --- [main] o.s.d.r.w.RepositoryRestHandlerMapping   : Mapped "{[/ || ],methods=[HEAD],produces=[application/hal+json || application/json || application/*+json;charset=UTF-8]}" onto public org.springframework.http.ResponseEntity<?> org.springframework.data.rest.webmvc.RepositoryController.headForRepositories()
2016-10-13 20:13:23.471  INFO 3472 --- [main] o.s.d.r.w.RepositoryRestHandlerMapping   : Mapped "{[/ || ],methods=[OPTIONS],produces=[application/hal+json || application/json || application/*+json;charset=UTF-8]}" onto public org.springframework.http.HttpEntity<?> org.springframework.data.rest.webmvc.RepositoryController.optionsForRepositories()
2016-10-13 20:13:23.471  INFO 3472 --- [main] o.s.d.r.w.RepositoryRestHandlerMapping   : Mapped "{[/ || ],methods=[GET],produces=[application/hal+json || application/json || application/*+json;charset=UTF-8]}" onto public org.springframework.http.HttpEntity<org.springframework.data.rest.webmvc.RepositoryLinksResource> org.springframework.data.rest.webmvc.RepositoryController.listRepositories()
2016-10-13 20:13:23.481  INFO 3472 --- [main] o.s.d.r.w.RepositoryRestHandlerMapping   : Mapped "{[/{repository}/{id}],methods=[HEAD],produces=[application/hal+json || application/json || application/*+json;charset=UTF-8]}" onto public org.springframework.http.ResponseEntity<?> org.springframework.data.rest.webmvc.RepositoryEntityController.headForItemResource(org.springframework.data.rest.webmvc.RootResourceInformation,java.io.Serializable,org.springframework.data.rest.webmvc.PersistentEntityResourceAssembler) throws org.springframework.web.HttpRequestMethodNotSupportedException
2016-10-13 20:13:23.481  INFO 3472 --- [main] o.s.d.r.w.RepositoryRestHandlerMapping   : Mapped "{[/{repository}],methods=[GET],produces=[application/x-spring-data-compact+json || text/uri-list]}" onto public org.springframework.hateoas.Resources<?> org.springframework.data.rest.webmvc.RepositoryEntityController.getCollectionResourceCompact(org.springframework.data.rest.webmvc.RootResourceInformation,org.springframework.data.rest.webmvc.support.DefaultedPageable,org.springframework.data.domain.Sort,org.springframework.data.rest.webmvc.PersistentEntityResourceAssembler) throws org.springframework.data.rest.webmvc.ResourceNotFoundException,org.springframework.web.HttpRequestMethodNotSupportedException
2016-10-13 20:13:23.488  INFO 3472 --- [main] o.s.d.r.w.RepositoryRestHandlerMapping   : Mapped "{[/{repository}],methods=[OPTIONS],produces=[application/hal+json || application/json || application/*+json;charset=UTF-8]}" onto public org.springframework.http.ResponseEntity<?> org.springframework.data.rest.webmvc.RepositoryEntityController.optionsForCollectionResource(org.springframework.data.rest.webmvc.RootResourceInformation)
2016-10-13 20:13:23.492  INFO 3472 --- [main] o.s.d.r.w.RepositoryRestHandlerMapping   : Mapped "{[/{repository}],methods=[HEAD],produces=[application/hal+json || application/json || application/*+json;charset=UTF-8]}" onto public org.springframework.http.ResponseEntity<?> org.springframework.data.rest.webmvc.RepositoryEntityController.headCollectionResource(org.springframework.data.rest.webmvc.RootResourceInformation,org.springframework.data.rest.webmvc.support.DefaultedPageable) throws org.springframework.web.HttpRequestMethodNotSupportedException
2016-10-13 20:13:23.492  INFO 3472 --- [main] o.s.d.r.w.RepositoryRestHandlerMapping   : Mapped "{[/{repository}],methods=[GET],produces=[application/hal+json || application/json || application/*+json;charset=UTF-8]}" onto public org.springframework.hateoas.Resources<?> org.springframework.data.rest.webmvc.RepositoryEntityController.getCollectionResource(org.springframework.data.rest.webmvc.RootResourceInformation,org.springframework.data.rest.webmvc.support.DefaultedPageable,org.springframework.data.domain.Sort,org.springframework.data.rest.webmvc.PersistentEntityResourceAssembler) throws org.springframework.data.rest.webmvc.ResourceNotFoundException,org.springframework.web.HttpRequestMethodNotSupportedException
2016-10-13 20:13:23.493  INFO 3472 --- [main] o.s.d.r.w.RepositoryRestHandlerMapping   : Mapped "{[/{repository}/{id}],methods=[OPTIONS],produces=[application/hal+json || application/json || application/*+json;charset=UTF-8]}" onto public org.springframework.http.ResponseEntity<?> org.springframework.data.rest.webmvc.RepositoryEntityController.optionsForItemResource(org.springframework.data.rest.webmvc.RootResourceInformation)
2016-10-13 20:13:23.497  INFO 3472 --- [main] o.s.d.r.w.RepositoryRestHandlerMapping   : Mapped "{[/{repository}],methods=[POST],produces=[application/hal+json || application/json || application/*+json;charset=UTF-8]}" onto public org.springframework.http.ResponseEntity<org.springframework.hateoas.ResourceSupport> org.springframework.data.rest.webmvc.RepositoryEntityController.postCollectionResource(org.springframework.data.rest.webmvc.RootResourceInformation,org.springframework.data.rest.webmvc.PersistentEntityResource,org.springframework.data.rest.webmvc.PersistentEntityResourceAssembler,java.lang.String) throws org.springframework.web.HttpRequestMethodNotSupportedException
2016-10-13 20:13:23.497  INFO 3472 --- [main] o.s.d.r.w.RepositoryRestHandlerMapping   : Mapped "{[/{repository}/{id}],methods=[DELETE],produces=[application/hal+json || application/json || application/*+json;charset=UTF-8]}" onto public org.springframework.http.ResponseEntity<?> org.springframework.data.rest.webmvc.RepositoryEntityController.deleteItemResource(org.springframework.data.rest.webmvc.RootResourceInformation,java.io.Serializable,org.springframework.data.rest.webmvc.support.ETag) throws org.springframework.data.rest.webmvc.ResourceNotFoundException,org.springframework.web.HttpRequestMethodNotSupportedException
2016-10-13 20:13:23.498  INFO 3472 --- [main] o.s.d.r.w.RepositoryRestHandlerMapping   : Mapped "{[/{repository}/{id}],methods=[PATCH],produces=[application/hal+json || application/json || application/*+json;charset=UTF-8]}" onto public org.springframework.http.ResponseEntity<org.springframework.hateoas.ResourceSupport> org.springframework.data.rest.webmvc.RepositoryEntityController.patchItemResource(org.springframework.data.rest.webmvc.RootResourceInformation,org.springframework.data.rest.webmvc.PersistentEntityResource,java.io.Serializable,org.springframework.data.rest.webmvc.PersistentEntityResourceAssembler,org.springframework.data.rest.webmvc.support.ETag,java.lang.String) throws org.springframework.web.HttpRequestMethodNotSupportedException,org.springframework.data.rest.webmvc.ResourceNotFoundException
2016-10-13 20:13:23.498  INFO 3472 --- [main] o.s.d.r.w.RepositoryRestHandlerMapping   : Mapped "{[/{repository}/{id}],methods=[GET],produces=[application/hal+json || application/json || application/*+json;charset=UTF-8]}" onto public org.springframework.http.ResponseEntity<org.springframework.hateoas.Resource<?>> org.springframework.data.rest.webmvc.RepositoryEntityController.getItemResource(org.springframework.data.rest.webmvc.RootResourceInformation,java.io.Serializable,org.springframework.data.rest.webmvc.PersistentEntityResourceAssembler,org.springframework.util.MultiValueMap<java.lang.String, java.lang.String>) throws org.springframework.web.HttpRequestMethodNotSupportedException
2016-10-13 20:13:23.504  INFO 3472 --- [main] o.s.d.r.w.RepositoryRestHandlerMapping   : Mapped "{[/{repository}/{id}],methods=[PUT],produces=[application/hal+json || application/json || application/*+json;charset=UTF-8]}" onto public org.springframework.http.ResponseEntity<? extends org.springframework.hateoas.ResourceSupport> org.springframework.data.rest.webmvc.RepositoryEntityController.putItemResource(org.springframework.data.rest.webmvc.RootResourceInformation,org.springframework.data.rest.webmvc.PersistentEntityResource,java.io.Serializable,org.springframework.data.rest.webmvc.PersistentEntityResourceAssembler,org.springframework.data.rest.webmvc.support.ETag,java.lang.String) throws org.springframework.web.HttpRequestMethodNotSupportedException
2016-10-13 20:13:23.506  INFO 3472 --- [main] o.s.d.r.w.RepositoryRestHandlerMapping   : Mapped "{[/{repository}/{id}/{property}/{propertyId}],methods=[DELETE],produces=[application/hal+json || application/json || application/*+json;charset=UTF-8]}" onto public org.springframework.http.ResponseEntity<org.springframework.hateoas.ResourceSupport> org.springframework.data.rest.webmvc.RepositoryPropertyReferenceController.deletePropertyReferenceId(org.springframework.data.rest.webmvc.RootResourceInformation,java.io.Serializable,java.lang.String,java.lang.String) throws java.lang.Exception
2016-10-13 20:13:23.508  INFO 3472 --- [main] o.s.d.r.w.RepositoryRestHandlerMapping   : Mapped "{[/{repository}/{id}/{property}],methods=[PATCH || PUT || POST],consumes=[application/json || application/x-spring-data-compact+json || text/uri-list],produces=[application/hal+json || application/json || application/*+json;charset=UTF-8]}" onto public org.springframework.http.ResponseEntity<? extends org.springframework.hateoas.ResourceSupport> org.springframework.data.rest.webmvc.RepositoryPropertyReferenceController.createPropertyReference(org.springframework.data.rest.webmvc.RootResourceInformation,org.springframework.http.HttpMethod,org.springframework.hateoas.Resources<java.lang.Object>,java.io.Serializable,java.lang.String) throws java.lang.Exception
2016-10-13 20:13:23.508  INFO 3472 --- [main] o.s.d.r.w.RepositoryRestHandlerMapping   : Mapped "{[/{repository}/{id}/{property}],methods=[GET],produces=[application/x-spring-data-compact+json || text/uri-list]}" onto public org.springframework.http.ResponseEntity<org.springframework.hateoas.ResourceSupport> org.springframework.data.rest.webmvc.RepositoryPropertyReferenceController.followPropertyReferenceCompact(org.springframework.data.rest.webmvc.RootResourceInformation,java.io.Serializable,java.lang.String,org.springframework.data.rest.webmvc.PersistentEntityResourceAssembler) throws java.lang.Exception
2016-10-13 20:13:23.509  INFO 3472 --- [main] o.s.d.r.w.RepositoryRestHandlerMapping   : Mapped "{[/{repository}/{id}/{property}],methods=[GET],produces=[application/hal+json || application/json || application/*+json;charset=UTF-8]}" onto public org.springframework.http.ResponseEntity<org.springframework.hateoas.ResourceSupport> org.springframework.data.rest.webmvc.RepositoryPropertyReferenceController.followPropertyReference(org.springframework.data.rest.webmvc.RootResourceInformation,java.io.Serializable,java.lang.String,org.springframework.data.rest.webmvc.PersistentEntityResourceAssembler) throws java.lang.Exception
2016-10-13 20:13:23.510  INFO 3472 --- [main] o.s.d.r.w.RepositoryRestHandlerMapping   : Mapped "{[/{repository}/{id}/{property}/{propertyId}],methods=[GET],produces=[application/hal+json || application/json || application/*+json;charset=UTF-8]}" onto public org.springframework.http.ResponseEntity<org.springframework.hateoas.ResourceSupport> org.springframework.data.rest.webmvc.RepositoryPropertyReferenceController.followPropertyReference(org.springframework.data.rest.webmvc.RootResourceInformation,java.io.Serializable,java.lang.String,java.lang.String,org.springframework.data.rest.webmvc.PersistentEntityResourceAssembler) throws java.lang.Exception
2016-10-13 20:13:23.510  INFO 3472 --- [main] o.s.d.r.w.RepositoryRestHandlerMapping   : Mapped "{[/{repository}/{id}/{property}],methods=[DELETE],produces=[application/hal+json || application/json || application/*+json;charset=UTF-8]}" onto public org.springframework.http.ResponseEntity<? extends org.springframework.hateoas.ResourceSupport> org.springframework.data.rest.webmvc.RepositoryPropertyReferenceController.deletePropertyReference(org.springframework.data.rest.webmvc.RootResourceInformation,java.io.Serializable,java.lang.String) throws java.lang.Exception
2016-10-13 20:13:23.512  INFO 3472 --- [main] o.s.d.r.w.RepositoryRestHandlerMapping   : Mapped "{[/{repository}/search/{search}],methods=[GET],produces=[application/x-spring-data-compact+json]}" onto public org.springframework.hateoas.ResourceSupport org.springframework.data.rest.webmvc.RepositorySearchController.executeSearchCompact(org.springframework.data.rest.webmvc.RootResourceInformation,org.springframework.util.MultiValueMap<java.lang.String, java.lang.Object>,java.lang.String,java.lang.String,org.springframework.data.rest.webmvc.support.DefaultedPageable,org.springframework.data.domain.Sort,org.springframework.data.rest.webmvc.PersistentEntityResourceAssembler)
2016-10-13 20:13:23.517  INFO 3472 --- [main] o.s.d.r.w.RepositoryRestHandlerMapping   : Mapped "{[/{repository}/search],methods=[OPTIONS],produces=[application/hal+json || application/json || application/*+json;charset=UTF-8]}" onto public org.springframework.http.HttpEntity<?> org.springframework.data.rest.webmvc.RepositorySearchController.optionsForSearches(org.springframework.data.rest.webmvc.RootResourceInformation)
2016-10-13 20:13:23.518  INFO 3472 --- [main] o.s.d.r.w.RepositoryRestHandlerMapping   : Mapped "{[/{repository}/search/{search}],methods=[OPTIONS],produces=[application/hal+json || application/json || application/*+json;charset=UTF-8]}" onto public org.springframework.http.ResponseEntity<java.lang.Object> org.springframework.data.rest.webmvc.RepositorySearchController.optionsForSearch(org.springframework.data.rest.webmvc.RootResourceInformation,java.lang.String)
2016-10-13 20:13:23.518  INFO 3472 --- [main] o.s.d.r.w.RepositoryRestHandlerMapping   : Mapped "{[/{repository}/search/{search}],methods=[HEAD],produces=[application/hal+json || application/json || application/*+json;charset=UTF-8]}" onto public org.springframework.http.ResponseEntity<java.lang.Object> org.springframework.data.rest.webmvc.RepositorySearchController.headForSearch(org.springframework.data.rest.webmvc.RootResourceInformation,java.lang.String)
2016-10-13 20:13:23.518  INFO 3472 --- [main] o.s.d.r.w.RepositoryRestHandlerMapping   : Mapped "{[/{repository}/search],methods=[GET],produces=[application/hal+json || application/json || application/*+json;charset=UTF-8]}" onto public org.springframework.data.rest.webmvc.RepositorySearchesResource org.springframework.data.rest.webmvc.RepositorySearchController.listSearches(org.springframework.data.rest.webmvc.RootResourceInformation)
2016-10-13 20:13:23.519  INFO 3472 --- [main] o.s.d.r.w.RepositoryRestHandlerMapping   : Mapped "{[/{repository}/search],methods=[HEAD],produces=[application/hal+json || application/json || application/*+json;charset=UTF-8]}" onto public org.springframework.http.HttpEntity<?> org.springframework.data.rest.webmvc.RepositorySearchController.headForSearches(org.springframework.data.rest.webmvc.RootResourceInformation)
2016-10-13 20:13:23.519  INFO 3472 --- [main] o.s.d.r.w.RepositoryRestHandlerMapping   : Mapped "{[/{repository}/search/{search}],methods=[GET],produces=[application/hal+json || application/json || application/*+json;charset=UTF-8]}" onto public org.springframework.http.ResponseEntity<java.lang.Object> org.springframework.data.rest.webmvc.RepositorySearchController.executeSearch(org.springframework.data.rest.webmvc.RootResourceInformation,org.springframework.util.MultiValueMap<java.lang.String, java.lang.Object>,java.lang.String,org.springframework.data.rest.webmvc.support.DefaultedPageable,org.springframework.data.domain.Sort,org.springframework.data.rest.webmvc.PersistentEntityResourceAssembler)
2016-10-13 20:13:23.521  INFO 3472 --- [main] o.s.d.r.w.BasePathAwareHandlerMapping    : Mapped "{[/profile/{repository}],methods=[GET],produces=[application/alps+json || */*]}" onto org.springframework.http.HttpEntity<org.springframework.data.rest.webmvc.RootResourceInformation> org.springframework.data.rest.webmvc.alps.AlpsController.descriptor(org.springframework.data.rest.webmvc.RootResourceInformation)
2016-10-13 20:13:23.522  INFO 3472 --- [main] o.s.d.r.w.BasePathAwareHandlerMapping    : Mapped "{[/profile/{repository}],methods=[OPTIONS],produces=[application/alps+json]}" onto org.springframework.http.HttpEntity<?> org.springframework.data.rest.webmvc.alps.AlpsController.alpsOptions()
2016-10-13 20:13:23.522  INFO 3472 --- [main] o.s.d.r.w.BasePathAwareHandlerMapping    : Mapped "{[/profile],methods=[GET]}" onto org.springframework.http.HttpEntity<org.springframework.hateoas.ResourceSupport> org.springframework.data.rest.webmvc.ProfileController.listAllFormsOfMetadata()
2016-10-13 20:13:23.522  INFO 3472 --- [main] o.s.d.r.w.BasePathAwareHandlerMapping    : Mapped "{[/profile],methods=[OPTIONS]}" onto public org.springframework.http.HttpEntity<?> org.springframework.data.rest.webmvc.ProfileController.profileOptions()
2016-10-13 20:13:23.525  INFO 3472 --- [main] o.s.d.r.w.BasePathAwareHandlerMapping    : Mapped "{[/profile/{repository}],methods=[GET],produces=[application/schema+json]}" onto public org.springframework.http.HttpEntity<org.springframework.data.rest.webmvc.json.JsonSchema> org.springframework.data.rest.webmvc.RepositorySchemaController.schema(org.springframework.data.rest.webmvc.RootResourceInformation)
2016-10-13 20:13:23.539  INFO 3472 --- [main] .m.m.a.ExceptionHandlerExceptionResolver : Detected @ExceptionHandler methods in repositoryRestExceptionHandler
2016-10-13 20:13:24.231  INFO 3472 --- [main] s.b.c.e.t.TomcatEmbeddedServletContainer : Tomcat started on port(s): 8080 (http)
2016-10-13 20:13:24.237  INFO 3472 --- [main] nl.avans.facturatie.main.Application     : Started Application in 5.63 seconds (JVM running for 6.159)
2016-10-13 20:13:24.278  INFO 3472 --- [http-nio-8080-exec-1] o.a.c.c.C.[Tomcat].[localhost].[/]       : Initializing Spring FrameworkServlet 'dispatcherServlet'
2016-10-13 20:13:24.278  INFO 3472 --- [http-nio-8080-exec-1] o.s.web.servlet.DispatcherServlet        : FrameworkServlet 'dispatcherServlet': initialization started
2016-10-13 20:13:24.304  INFO 3472 --- [http-nio-8080-exec-1] o.s.web.servlet.DispatcherServlet        : FrameworkServlet 'dispatcherServlet': initialization completed in 19 ms
2016-10-13 20:13:24.650 ERROR 3472 --- [http-nio-8080-exec-1] o.thymeleaf.templateparser.ErrorHandler  : [THYMELEAF][http-nio-8080-exec-1] Fatal error during parsing

org.xml.sax.SAXParseException: The element type "link" must be terminated by the matching end-tag "</link>".
	at org.apache.xerces.util.ErrorHandlerWrapper.createSAXParseException(Unknown Source) [xercesImpl-2.11.0.jar:na]
	at org.apache.xerces.util.ErrorHandlerWrapper.fatalError(Unknown Source) [xercesImpl-2.11.0.jar:na]
	at org.apache.xerces.impl.XMLErrorReporter.reportError(Unknown Source) [xercesImpl-2.11.0.jar:na]
	at org.apache.xerces.impl.XMLErrorReporter.reportError(Unknown Source) [xercesImpl-2.11.0.jar:na]
	at org.apache.xerces.impl.XMLErrorReporter.reportError(Unknown Source) [xercesImpl-2.11.0.jar:na]
	at org.apache.xerces.impl.XMLScanner.reportFatalError(Unknown Source) [xercesImpl-2.11.0.jar:na]
	at org.apache.xerces.impl.XMLDocumentFragmentScannerImpl.scanEndElement(Unknown Source) [xercesImpl-2.11.0.jar:na]
	at org.apache.xerces.impl.XMLDocumentFragmentScannerImpl$FragmentContentDispatcher.dispatch(Unknown Source) [xercesImpl-2.11.0.jar:na]
	at org.apache.xerces.impl.XMLDocumentFragmentScannerImpl.scanDocument(Unknown Source) [xercesImpl-2.11.0.jar:na]
	at org.apache.xerces.parsers.XML11Configuration.parse(Unknown Source) [xercesImpl-2.11.0.jar:na]
	at org.apache.xerces.parsers.XML11Configuration.parse(Unknown Source) [xercesImpl-2.11.0.jar:na]
	at org.apache.xerces.parsers.XMLParser.parse(Unknown Source) [xercesImpl-2.11.0.jar:na]
	at org.apache.xerces.parsers.AbstractSAXParser.parse(Unknown Source) [xercesImpl-2.11.0.jar:na]
	at org.apache.xerces.jaxp.SAXParserImpl$JAXPSAXParser.parse(Unknown Source) [xercesImpl-2.11.0.jar:na]
	at org.apache.xerces.jaxp.SAXParserImpl.parse(Unknown Source) [xercesImpl-2.11.0.jar:na]
	at org.thymeleaf.templateparser.xmlsax.AbstractNonValidatingSAXTemplateParser.doParse(AbstractNonValidatingSAXTemplateParser.java:209) [thymeleaf-2.1.5.RELEASE.jar:2.1.5.RELEASE]
	at org.thymeleaf.templateparser.xmlsax.AbstractNonValidatingSAXTemplateParser.parseTemplateUsingPool(AbstractNonValidatingSAXTemplateParser.java:134) [thymeleaf-2.1.5.RELEASE.jar:2.1.5.RELEASE]
	at org.thymeleaf.templateparser.xmlsax.AbstractNonValidatingSAXTemplateParser.parseTemplate(AbstractNonValidatingSAXTemplateParser.java:116) [thymeleaf-2.1.5.RELEASE.jar:2.1.5.RELEASE]
	at org.thymeleaf.TemplateRepository.getTemplate(TemplateRepository.java:278) [thymeleaf-2.1.5.RELEASE.jar:2.1.5.RELEASE]
	at org.thymeleaf.standard.fragment.StandardFragment.extractFragment(StandardFragment.java:202) [thymeleaf-2.1.5.RELEASE.jar:2.1.5.RELEASE]
	at org.thymeleaf.standard.processor.attr.AbstractStandardFragmentHandlingAttrProcessor.computeFragment(AbstractStandardFragmentHandlingAttrProcessor.java:72) [thymeleaf-2.1.5.RELEASE.jar:2.1.5.RELEASE]
	at org.thymeleaf.processor.attr.AbstractFragmentHandlingAttrProcessor.processAttribute(AbstractFragmentHandlingAttrProcessor.java:63) [thymeleaf-2.1.5.RELEASE.jar:2.1.5.RELEASE]
	at org.thymeleaf.processor.attr.AbstractAttrProcessor.doProcess(AbstractAttrProcessor.java:87) [thymeleaf-2.1.5.RELEASE.jar:2.1.5.RELEASE]
	at org.thymeleaf.processor.AbstractProcessor.process(AbstractProcessor.java:212) [thymeleaf-2.1.5.RELEASE.jar:2.1.5.RELEASE]
	at org.thymeleaf.dom.Node.applyNextProcessor(Node.java:1017) [thymeleaf-2.1.5.RELEASE.jar:2.1.5.RELEASE]
	at org.thymeleaf.dom.Node.processNode(Node.java:972) [thymeleaf-2.1.5.RELEASE.jar:2.1.5.RELEASE]
	at org.thymeleaf.dom.NestableNode.computeNextChild(NestableNode.java:695) [thymeleaf-2.1.5.RELEASE.jar:2.1.5.RELEASE]
	at org.thymeleaf.dom.NestableNode.doAdditionalProcess(NestableNode.java:668) [thymeleaf-2.1.5.RELEASE.jar:2.1.5.RELEASE]
	at org.thymeleaf.dom.Node.processNode(Node.java:990) [thymeleaf-2.1.5.RELEASE.jar:2.1.5.RELEASE]
	at org.thymeleaf.dom.NestableNode.computeNextChild(NestableNode.java:695) [thymeleaf-2.1.5.RELEASE.jar:2.1.5.RELEASE]
	at org.thymeleaf.dom.NestableNode.doAdditionalProcess(NestableNode.java:668) [thymeleaf-2.1.5.RELEASE.jar:2.1.5.RELEASE]
	at org.thymeleaf.dom.Node.processNode(Node.java:990) [thymeleaf-2.1.5.RELEASE.jar:2.1.5.RELEASE]
	at org.thymeleaf.dom.Document.process(Document.java:93) [thymeleaf-2.1.5.RELEASE.jar:2.1.5.RELEASE]
	at org.thymeleaf.TemplateEngine.process(TemplateEngine.java:1155) [thymeleaf-2.1.5.RELEASE.jar:2.1.5.RELEASE]
	at org.thymeleaf.TemplateEngine.process(TemplateEngine.java:1060) [thymeleaf-2.1.5.RELEASE.jar:2.1.5.RELEASE]
	at org.thymeleaf.TemplateEngine.process(TemplateEngine.java:1011) [thymeleaf-2.1.5.RELEASE.jar:2.1.5.RELEASE]
	at org.thymeleaf.spring4.view.ThymeleafView.renderFragment(ThymeleafView.java:335) [thymeleaf-spring4-2.1.5.RELEASE.jar:2.1.5.RELEASE]
	at org.thymeleaf.spring4.view.ThymeleafView.render(ThymeleafView.java:190) [thymeleaf-spring4-2.1.5.RELEASE.jar:2.1.5.RELEASE]
	at org.springframework.web.servlet.DispatcherServlet.render(DispatcherServlet.java:1257) [spring-webmvc-4.3.3.RELEASE.jar:4.3.3.RELEASE]
	at org.springframework.web.servlet.DispatcherServlet.processDispatchResult(DispatcherServlet.java:1037) [spring-webmvc-4.3.3.RELEASE.jar:4.3.3.RELEASE]
	at org.springframework.web.servlet.DispatcherServlet.doDispatch(DispatcherServlet.java:980) [spring-webmvc-4.3.3.RELEASE.jar:4.3.3.RELEASE]
	at org.springframework.web.servlet.DispatcherServlet.doService(DispatcherServlet.java:897) [spring-webmvc-4.3.3.RELEASE.jar:4.3.3.RELEASE]
	at org.springframework.web.servlet.FrameworkServlet.processRequest(FrameworkServlet.java:970) [spring-webmvc-4.3.3.RELEASE.jar:4.3.3.RELEASE]
	at org.springframework.web.servlet.FrameworkServlet.doGet(FrameworkServlet.java:861) [spring-webmvc-4.3.3.RELEASE.jar:4.3.3.RELEASE]
	at javax.servlet.http.HttpServlet.service(HttpServlet.java:622) [tomcat-embed-core-8.5.5.jar:8.5.5]
	at org.springframework.web.servlet.FrameworkServlet.service(FrameworkServlet.java:846) [spring-webmvc-4.3.3.RELEASE.jar:4.3.3.RELEASE]
	at javax.servlet.http.HttpServlet.service(HttpServlet.java:729) [tomcat-embed-core-8.5.5.jar:8.5.5]
	at org.apache.catalina.core.ApplicationFilterChain.internalDoFilter(ApplicationFilterChain.java:230) [tomcat-embed-core-8.5.5.jar:8.5.5]
	at org.apache.catalina.core.ApplicationFilterChain.doFilter(ApplicationFilterChain.java:165) [tomcat-embed-core-8.5.5.jar:8.5.5]
	at org.apache.tomcat.websocket.server.WsFilter.doFilter(WsFilter.java:52) [tomcat-embed-websocket-8.5.5.jar:8.5.5]
	at org.apache.catalina.core.ApplicationFilterChain.internalDoFilter(ApplicationFilterChain.java:192) [tomcat-embed-core-8.5.5.jar:8.5.5]
	at org.apache.catalina.core.ApplicationFilterChain.doFilter(ApplicationFilterChain.java:165) [tomcat-embed-core-8.5.5.jar:8.5.5]
	at org.springframework.web.filter.RequestContextFilter.doFilterInternal(RequestContextFilter.java:99) [spring-web-4.3.3.RELEASE.jar:4.3.3.RELEASE]
	at org.springframework.web.filter.OncePerRequestFilter.doFilter(OncePerRequestFilter.java:107) [spring-web-4.3.3.RELEASE.jar:4.3.3.RELEASE]
	at org.apache.catalina.core.ApplicationFilterChain.internalDoFilter(ApplicationFilterChain.java:192) [tomcat-embed-core-8.5.5.jar:8.5.5]
	at org.apache.catalina.core.ApplicationFilterChain.doFilter(ApplicationFilterChain.java:165) [tomcat-embed-core-8.5.5.jar:8.5.5]
	at org.springframework.web.filter.HttpPutFormContentFilter.doFilterInternal(HttpPutFormContentFilter.java:89) [spring-web-4.3.3.RELEASE.jar:4.3.3.RELEASE]
	at org.springframework.web.filter.OncePerRequestFilter.doFilter(OncePerRequestFilter.java:107) [spring-web-4.3.3.RELEASE.jar:4.3.3.RELEASE]
	at org.apache.catalina.core.ApplicationFilterChain.internalDoFilter(ApplicationFilterChain.java:192) [tomcat-embed-core-8.5.5.jar:8.5.5]
	at org.apache.catalina.core.ApplicationFilterChain.doFilter(ApplicationFilterChain.java:165) [tomcat-embed-core-8.5.5.jar:8.5.5]
	at org.springframework.web.filter.HiddenHttpMethodFilter.doFilterInternal(HiddenHttpMethodFilter.java:77) [spring-web-4.3.3.RELEASE.jar:4.3.3.RELEASE]
	at org.springframework.web.filter.OncePerRequestFilter.doFilter(OncePerRequestFilter.java:107) [spring-web-4.3.3.RELEASE.jar:4.3.3.RELEASE]
	at org.apache.catalina.core.ApplicationFilterChain.internalDoFilter(ApplicationFilterChain.java:192) [tomcat-embed-core-8.5.5.jar:8.5.5]
	at org.apache.catalina.core.ApplicationFilterChain.doFilter(ApplicationFilterChain.java:165) [tomcat-embed-core-8.5.5.jar:8.5.5]
	at org.springframework.web.filter.CharacterEncodingFilter.doFilterInternal(CharacterEncodingFilter.java:197) [spring-web-4.3.3.RELEASE.jar:4.3.3.RELEASE]
	at org.springframework.web.filter.OncePerRequestFilter.doFilter(OncePerRequestFilter.java:107) [spring-web-4.3.3.RELEASE.jar:4.3.3.RELEASE]
	at org.apache.catalina.core.ApplicationFilterChain.internalDoFilter(ApplicationFilterChain.java:192) [tomcat-embed-core-8.5.5.jar:8.5.5]
	at org.apache.catalina.core.ApplicationFilterChain.doFilter(ApplicationFilterChain.java:165) [tomcat-embed-core-8.5.5.jar:8.5.5]
	at org.apache.catalina.core.StandardWrapperValve.invoke(StandardWrapperValve.java:198) [tomcat-embed-core-8.5.5.jar:8.5.5]
	at org.apache.catalina.core.StandardContextValve.invoke(StandardContextValve.java:108) [tomcat-embed-core-8.5.5.jar:8.5.5]
	at org.apache.catalina.authenticator.AuthenticatorBase.invoke(AuthenticatorBase.java:472) [tomcat-embed-core-8.5.5.jar:8.5.5]
	at org.apache.catalina.core.StandardHostValve.invoke(StandardHostValve.java:140) [tomcat-embed-core-8.5.5.jar:8.5.5]
	at org.apache.catalina.valves.ErrorReportValve.invoke(ErrorReportValve.java:79) [tomcat-embed-core-8.5.5.jar:8.5.5]
	at org.apache.catalina.core.StandardEngineValve.invoke(StandardEngineValve.java:87) [tomcat-embed-core-8.5.5.jar:8.5.5]
	at org.apache.catalina.connector.CoyoteAdapter.service(CoyoteAdapter.java:349) [tomcat-embed-core-8.5.5.jar:8.5.5]
	at org.apache.coyote.http11.Http11Processor.service(Http11Processor.java:784) [tomcat-embed-core-8.5.5.jar:8.5.5]
	at org.apache.coyote.AbstractProcessorLight.process(AbstractProcessorLight.java:66) [tomcat-embed-core-8.5.5.jar:8.5.5]
	at org.apache.coyote.AbstractProtocol$ConnectionHandler.process(AbstractProtocol.java:802) [tomcat-embed-core-8.5.5.jar:8.5.5]
	at org.apache.tomcat.util.net.NioEndpoint$SocketProcessor.doRun(NioEndpoint.java:1410) [tomcat-embed-core-8.5.5.jar:8.5.5]
	at org.apache.tomcat.util.net.SocketProcessorBase.run(SocketProcessorBase.java:49) [tomcat-embed-core-8.5.5.jar:8.5.5]
	at java.util.concurrent.ThreadPoolExecutor.runWorker(ThreadPoolExecutor.java:1142) [na:1.8.0_77]
	at java.util.concurrent.ThreadPoolExecutor$Worker.run(ThreadPoolExecutor.java:617) [na:1.8.0_77]
	at org.apache.tomcat.util.threads.TaskThread$WrappingRunnable.run(TaskThread.java:61) [tomcat-embed-core-8.5.5.jar:8.5.5]
	at java.lang.Thread.run(Thread.java:745) [na:1.8.0_77]

2016-10-13 20:13:24.654 ERROR 3472 --- [http-nio-8080-exec-1] org.thymeleaf.TemplateEngine             : [THYMELEAF][http-nio-8080-exec-1] Exception processing template "views/home/index": Exception parsing document: template="fragments/head", line 16 - column 3 (views/home/index:3)
2016-10-13 20:13:24.658 ERROR 3472 --- [http-nio-8080-exec-1] o.a.c.c.C.[.[.[/].[dispatcherServlet]    : Servlet.service() for servlet [dispatcherServlet] in context with path [] threw exception [Request processing failed; nested exception is org.thymeleaf.exceptions.TemplateInputException: Exception parsing document: template="fragments/head", line 16 - column 3 (views/home/index:3)] with root cause

org.xml.sax.SAXParseException: The element type "link" must be terminated by the matching end-tag "</link>".
	at org.apache.xerces.util.ErrorHandlerWrapper.createSAXParseException(Unknown Source) ~[xercesImpl-2.11.0.jar:na]
	at org.apache.xerces.util.ErrorHandlerWrapper.fatalError(Unknown Source) ~[xercesImpl-2.11.0.jar:na]
	at org.apache.xerces.impl.XMLErrorReporter.reportError(Unknown Source) ~[xercesImpl-2.11.0.jar:na]
	at org.apache.xerces.impl.XMLErrorReporter.reportError(Unknown Source) ~[xercesImpl-2.11.0.jar:na]
	at org.apache.xerces.impl.XMLErrorReporter.reportError(Unknown Source) ~[xercesImpl-2.11.0.jar:na]
	at org.apache.xerces.impl.XMLScanner.reportFatalError(Unknown Source) ~[xercesImpl-2.11.0.jar:na]
	at org.apache.xerces.impl.XMLDocumentFragmentScannerImpl.scanEndElement(Unknown Source) ~[xercesImpl-2.11.0.jar:na]
	at org.apache.xerces.impl.XMLDocumentFragmentScannerImpl$FragmentContentDispatcher.dispatch(Unknown Source) ~[xercesImpl-2.11.0.jar:na]
	at org.apache.xerces.impl.XMLDocumentFragmentScannerImpl.scanDocument(Unknown Source) ~[xercesImpl-2.11.0.jar:na]
	at org.apache.xerces.parsers.XML11Configuration.parse(Unknown Source) ~[xercesImpl-2.11.0.jar:na]
	at org.apache.xerces.parsers.XML11Configuration.parse(Unknown Source) ~[xercesImpl-2.11.0.jar:na]
	at org.apache.xerces.parsers.XMLParser.parse(Unknown Source) ~[xercesImpl-2.11.0.jar:na]
	at org.apache.xerces.parsers.AbstractSAXParser.parse(Unknown Source) ~[xercesImpl-2.11.0.jar:na]
	at org.apache.xerces.jaxp.SAXParserImpl$JAXPSAXParser.parse(Unknown Source) ~[xercesImpl-2.11.0.jar:na]
	at org.apache.xerces.jaxp.SAXParserImpl.parse(Unknown Source) ~[xercesImpl-2.11.0.jar:na]
	at org.thymeleaf.templateparser.xmlsax.AbstractNonValidatingSAXTemplateParser.doParse(AbstractNonValidatingSAXTemplateParser.java:209) ~[thymeleaf-2.1.5.RELEASE.jar:2.1.5.RELEASE]
	at org.thymeleaf.templateparser.xmlsax.AbstractNonValidatingSAXTemplateParser.parseTemplateUsingPool(AbstractNonValidatingSAXTemplateParser.java:134) ~[thymeleaf-2.1.5.RELEASE.jar:2.1.5.RELEASE]
	at org.thymeleaf.templateparser.xmlsax.AbstractNonValidatingSAXTemplateParser.parseTemplate(AbstractNonValidatingSAXTemplateParser.java:116) ~[thymeleaf-2.1.5.RELEASE.jar:2.1.5.RELEASE]
	at org.thymeleaf.TemplateRepository.getTemplate(TemplateRepository.java:278) ~[thymeleaf-2.1.5.RELEASE.jar:2.1.5.RELEASE]
	at org.thymeleaf.standard.fragment.StandardFragment.extractFragment(StandardFragment.java:202) ~[thymeleaf-2.1.5.RELEASE.jar:2.1.5.RELEASE]
	at org.thymeleaf.standard.processor.attr.AbstractStandardFragmentHandlingAttrProcessor.computeFragment(AbstractStandardFragmentHandlingAttrProcessor.java:72) ~[thymeleaf-2.1.5.RELEASE.jar:2.1.5.RELEASE]
	at org.thymeleaf.processor.attr.AbstractFragmentHandlingAttrProcessor.processAttribute(AbstractFragmentHandlingAttrProcessor.java:63) ~[thymeleaf-2.1.5.RELEASE.jar:2.1.5.RELEASE]
	at org.thymeleaf.processor.attr.AbstractAttrProcessor.doProcess(AbstractAttrProcessor.java:87) ~[thymeleaf-2.1.5.RELEASE.jar:2.1.5.RELEASE]
	at org.thymeleaf.processor.AbstractProcessor.process(AbstractProcessor.java:212) ~[thymeleaf-2.1.5.RELEASE.jar:2.1.5.RELEASE]
	at org.thymeleaf.dom.Node.applyNextProcessor(Node.java:1017) ~[thymeleaf-2.1.5.RELEASE.jar:2.1.5.RELEASE]
	at org.thymeleaf.dom.Node.processNode(Node.java:972) ~[thymeleaf-2.1.5.RELEASE.jar:2.1.5.RELEASE]
	at org.thymeleaf.dom.NestableNode.computeNextChild(NestableNode.java:695) ~[thymeleaf-2.1.5.RELEASE.jar:2.1.5.RELEASE]
	at org.thymeleaf.dom.NestableNode.doAdditionalProcess(NestableNode.java:668) ~[thymeleaf-2.1.5.RELEASE.jar:2.1.5.RELEASE]
	at org.thymeleaf.dom.Node.processNode(Node.java:990) ~[thymeleaf-2.1.5.RELEASE.jar:2.1.5.RELEASE]
	at org.thymeleaf.dom.NestableNode.computeNextChild(NestableNode.java:695) ~[thymeleaf-2.1.5.RELEASE.jar:2.1.5.RELEASE]
	at org.thymeleaf.dom.NestableNode.doAdditionalProcess(NestableNode.java:668) ~[thymeleaf-2.1.5.RELEASE.jar:2.1.5.RELEASE]
	at org.thymeleaf.dom.Node.processNode(Node.java:990) ~[thymeleaf-2.1.5.RELEASE.jar:2.1.5.RELEASE]
	at org.thymeleaf.dom.Document.process(Document.java:93) ~[thymeleaf-2.1.5.RELEASE.jar:2.1.5.RELEASE]
	at org.thymeleaf.TemplateEngine.process(TemplateEngine.java:1155) ~[thymeleaf-2.1.5.RELEASE.jar:2.1.5.RELEASE]
	at org.thymeleaf.TemplateEngine.process(TemplateEngine.java:1060) ~[thymeleaf-2.1.5.RELEASE.jar:2.1.5.RELEASE]
	at org.thymeleaf.TemplateEngine.process(TemplateEngine.java:1011) ~[thymeleaf-2.1.5.RELEASE.jar:2.1.5.RELEASE]
	at org.thymeleaf.spring4.view.ThymeleafView.renderFragment(ThymeleafView.java:335) ~[thymeleaf-spring4-2.1.5.RELEASE.jar:2.1.5.RELEASE]
	at org.thymeleaf.spring4.view.ThymeleafView.render(ThymeleafView.java:190) ~[thymeleaf-spring4-2.1.5.RELEASE.jar:2.1.5.RELEASE]
	at org.springframework.web.servlet.DispatcherServlet.render(DispatcherServlet.java:1257) ~[spring-webmvc-4.3.3.RELEASE.jar:4.3.3.RELEASE]
	at org.springframework.web.servlet.DispatcherServlet.processDispatchResult(DispatcherServlet.java:1037) ~[spring-webmvc-4.3.3.RELEASE.jar:4.3.3.RELEASE]
	at org.springframework.web.servlet.DispatcherServlet.doDispatch(DispatcherServlet.java:980) ~[spring-webmvc-4.3.3.RELEASE.jar:4.3.3.RELEASE]
	at org.springframework.web.servlet.DispatcherServlet.doService(DispatcherServlet.java:897) ~[spring-webmvc-4.3.3.RELEASE.jar:4.3.3.RELEASE]
	at org.springframework.web.servlet.FrameworkServlet.processRequest(FrameworkServlet.java:970) ~[spring-webmvc-4.3.3.RELEASE.jar:4.3.3.RELEASE]
	at org.springframework.web.servlet.FrameworkServlet.doGet(FrameworkServlet.java:861) ~[spring-webmvc-4.3.3.RELEASE.jar:4.3.3.RELEASE]
	at javax.servlet.http.HttpServlet.service(HttpServlet.java:622) ~[tomcat-embed-core-8.5.5.jar:8.5.5]
	at org.springframework.web.servlet.FrameworkServlet.service(FrameworkServlet.java:846) ~[spring-webmvc-4.3.3.RELEASE.jar:4.3.3.RELEASE]
	at javax.servlet.http.HttpServlet.service(HttpServlet.java:729) ~[tomcat-embed-core-8.5.5.jar:8.5.5]
	at org.apache.catalina.core.ApplicationFilterChain.internalDoFilter(ApplicationFilterChain.java:230) ~[tomcat-embed-core-8.5.5.jar:8.5.5]
	at org.apache.catalina.core.ApplicationFilterChain.doFilter(ApplicationFilterChain.java:165) ~[tomcat-embed-core-8.5.5.jar:8.5.5]
	at org.apache.tomcat.websocket.server.WsFilter.doFilter(WsFilter.java:52) ~[tomcat-embed-websocket-8.5.5.jar:8.5.5]
	at org.apache.catalina.core.ApplicationFilterChain.internalDoFilter(ApplicationFilterChain.java:192) ~[tomcat-embed-core-8.5.5.jar:8.5.5]
	at org.apache.catalina.core.ApplicationFilterChain.doFilter(ApplicationFilterChain.java:165) ~[tomcat-embed-core-8.5.5.jar:8.5.5]
	at org.springframework.web.filter.RequestContextFilter.doFilterInternal(RequestContextFilter.java:99) ~[spring-web-4.3.3.RELEASE.jar:4.3.3.RELEASE]
	at org.springframework.web.filter.OncePerRequestFilter.doFilter(OncePerRequestFilter.java:107) ~[spring-web-4.3.3.RELEASE.jar:4.3.3.RELEASE]
	at org.apache.catalina.core.ApplicationFilterChain.internalDoFilter(ApplicationFilterChain.java:192) ~[tomcat-embed-core-8.5.5.jar:8.5.5]
	at org.apache.catalina.core.ApplicationFilterChain.doFilter(ApplicationFilterChain.java:165) ~[tomcat-embed-core-8.5.5.jar:8.5.5]
	at org.springframework.web.filter.HttpPutFormContentFilter.doFilterInternal(HttpPutFormContentFilter.java:89) ~[spring-web-4.3.3.RELEASE.jar:4.3.3.RELEASE]
	at org.springframework.web.filter.OncePerRequestFilter.doFilter(OncePerRequestFilter.java:107) ~[spring-web-4.3.3.RELEASE.jar:4.3.3.RELEASE]
	at org.apache.catalina.core.ApplicationFilterChain.internalDoFilter(ApplicationFilterChain.java:192) ~[tomcat-embed-core-8.5.5.jar:8.5.5]
	at org.apache.catalina.core.ApplicationFilterChain.doFilter(ApplicationFilterChain.java:165) ~[tomcat-embed-core-8.5.5.jar:8.5.5]
	at org.springframework.web.filter.HiddenHttpMethodFilter.doFilterInternal(HiddenHttpMethodFilter.java:77) ~[spring-web-4.3.3.RELEASE.jar:4.3.3.RELEASE]
	at org.springframework.web.filter.OncePerRequestFilter.doFilter(OncePerRequestFilter.java:107) ~[spring-web-4.3.3.RELEASE.jar:4.3.3.RELEASE]
	at org.apache.catalina.core.ApplicationFilterChain.internalDoFilter(ApplicationFilterChain.java:192) ~[tomcat-embed-core-8.5.5.jar:8.5.5]
	at org.apache.catalina.core.ApplicationFilterChain.doFilter(ApplicationFilterChain.java:165) ~[tomcat-embed-core-8.5.5.jar:8.5.5]
	at org.springframework.web.filter.CharacterEncodingFilter.doFilterInternal(CharacterEncodingFilter.java:197) ~[spring-web-4.3.3.RELEASE.jar:4.3.3.RELEASE]
	at org.springframework.web.filter.OncePerRequestFilter.doFilter(OncePerRequestFilter.java:107) ~[spring-web-4.3.3.RELEASE.jar:4.3.3.RELEASE]
	at org.apache.catalina.core.ApplicationFilterChain.internalDoFilter(ApplicationFilterChain.java:192) ~[tomcat-embed-core-8.5.5.jar:8.5.5]
	at org.apache.catalina.core.ApplicationFilterChain.doFilter(ApplicationFilterChain.java:165) ~[tomcat-embed-core-8.5.5.jar:8.5.5]
	at org.apache.catalina.core.StandardWrapperValve.invoke(StandardWrapperValve.java:198) ~[tomcat-embed-core-8.5.5.jar:8.5.5]
	at org.apache.catalina.core.StandardContextValve.invoke(StandardContextValve.java:108) [tomcat-embed-core-8.5.5.jar:8.5.5]
	at org.apache.catalina.authenticator.AuthenticatorBase.invoke(AuthenticatorBase.java:472) [tomcat-embed-core-8.5.5.jar:8.5.5]
	at org.apache.catalina.core.StandardHostValve.invoke(StandardHostValve.java:140) [tomcat-embed-core-8.5.5.jar:8.5.5]
	at org.apache.catalina.valves.ErrorReportValve.invoke(ErrorReportValve.java:79) [tomcat-embed-core-8.5.5.jar:8.5.5]
	at org.apache.catalina.core.StandardEngineValve.invoke(StandardEngineValve.java:87) [tomcat-embed-core-8.5.5.jar:8.5.5]
	at org.apache.catalina.connector.CoyoteAdapter.service(CoyoteAdapter.java:349) [tomcat-embed-core-8.5.5.jar:8.5.5]
	at org.apache.coyote.http11.Http11Processor.service(Http11Processor.java:784) [tomcat-embed-core-8.5.5.jar:8.5.5]
	at org.apache.coyote.AbstractProcessorLight.process(AbstractProcessorLight.java:66) [tomcat-embed-core-8.5.5.jar:8.5.5]
	at org.apache.coyote.AbstractProtocol$ConnectionHandler.process(AbstractProtocol.java:802) [tomcat-embed-core-8.5.5.jar:8.5.5]
	at org.apache.tomcat.util.net.NioEndpoint$SocketProcessor.doRun(NioEndpoint.java:1410) [tomcat-embed-core-8.5.5.jar:8.5.5]
	at org.apache.tomcat.util.net.SocketProcessorBase.run(SocketProcessorBase.java:49) [tomcat-embed-core-8.5.5.jar:8.5.5]
	at java.util.concurrent.ThreadPoolExecutor.runWorker(ThreadPoolExecutor.java:1142) [na:1.8.0_77]
	at java.util.concurrent.ThreadPoolExecutor$Worker.run(ThreadPoolExecutor.java:617) [na:1.8.0_77]
	at org.apache.tomcat.util.threads.TaskThread$WrappingRunnable.run(TaskThread.java:61) [tomcat-embed-core-8.5.5.jar:8.5.5]
	at java.lang.Thread.run(Thread.java:745) [na:1.8.0_77]

2016-10-13 20:13:24.684 ERROR 3472 --- [http-nio-8080-exec-1] o.thymeleaf.templateparser.ErrorHandler  : [THYMELEAF][http-nio-8080-exec-1] Fatal error during parsing

org.xml.sax.SAXParseException: The element type "input" must be terminated by the matching end-tag "</input>".
	at org.apache.xerces.util.ErrorHandlerWrapper.createSAXParseException(Unknown Source) [xercesImpl-2.11.0.jar:na]
	at org.apache.xerces.util.ErrorHandlerWrapper.fatalError(Unknown Source) [xercesImpl-2.11.0.jar:na]
	at org.apache.xerces.impl.XMLErrorReporter.reportError(Unknown Source) [xercesImpl-2.11.0.jar:na]
	at org.apache.xerces.impl.XMLErrorReporter.reportError(Unknown Source) [xercesImpl-2.11.0.jar:na]
	at org.apache.xerces.impl.XMLErrorReporter.reportError(Unknown Source) [xercesImpl-2.11.0.jar:na]
	at org.apache.xerces.impl.XMLScanner.reportFatalError(Unknown Source) [xercesImpl-2.11.0.jar:na]
	at org.apache.xerces.impl.XMLDocumentFragmentScannerImpl.scanEndElement(Unknown Source) [xercesImpl-2.11.0.jar:na]
	at org.apache.xerces.impl.XMLDocumentFragmentScannerImpl$FragmentContentDispatcher.dispatch(Unknown Source) [xercesImpl-2.11.0.jar:na]
	at org.apache.xerces.impl.XMLDocumentFragmentScannerImpl.scanDocument(Unknown Source) [xercesImpl-2.11.0.jar:na]
	at org.apache.xerces.parsers.XML11Configuration.parse(Unknown Source) [xercesImpl-2.11.0.jar:na]
	at org.apache.xerces.parsers.XML11Configuration.parse(Unknown Source) [xercesImpl-2.11.0.jar:na]
	at org.apache.xerces.parsers.XMLParser.parse(Unknown Source) [xercesImpl-2.11.0.jar:na]
	at org.apache.xerces.parsers.AbstractSAXParser.parse(Unknown Source) [xercesImpl-2.11.0.jar:na]
	at org.apache.xerces.jaxp.SAXParserImpl$JAXPSAXParser.parse(Unknown Source) [xercesImpl-2.11.0.jar:na]
	at org.apache.xerces.jaxp.SAXParserImpl.parse(Unknown Source) [xercesImpl-2.11.0.jar:na]
	at org.thymeleaf.templateparser.xmlsax.AbstractNonValidatingSAXTemplateParser.doParse(AbstractNonValidatingSAXTemplateParser.java:209) [thymeleaf-2.1.5.RELEASE.jar:2.1.5.RELEASE]
	at org.thymeleaf.templateparser.xmlsax.AbstractNonValidatingSAXTemplateParser.parseTemplateUsingPool(AbstractNonValidatingSAXTemplateParser.java:134) [thymeleaf-2.1.5.RELEASE.jar:2.1.5.RELEASE]
	at org.thymeleaf.templateparser.xmlsax.AbstractNonValidatingSAXTemplateParser.parseTemplate(AbstractNonValidatingSAXTemplateParser.java:116) [thymeleaf-2.1.5.RELEASE.jar:2.1.5.RELEASE]
	at org.thymeleaf.TemplateRepository.getTemplate(TemplateRepository.java:278) [thymeleaf-2.1.5.RELEASE.jar:2.1.5.RELEASE]
	at org.thymeleaf.standard.fragment.StandardFragment.extractFragment(StandardFragment.java:202) [thymeleaf-2.1.5.RELEASE.jar:2.1.5.RELEASE]
	at org.thymeleaf.standard.processor.attr.AbstractStandardFragmentHandlingAttrProcessor.computeFragment(AbstractStandardFragmentHandlingAttrProcessor.java:72) [thymeleaf-2.1.5.RELEASE.jar:2.1.5.RELEASE]
	at org.thymeleaf.processor.attr.AbstractFragmentHandlingAttrProcessor.processAttribute(AbstractFragmentHandlingAttrProcessor.java:63) [thymeleaf-2.1.5.RELEASE.jar:2.1.5.RELEASE]
	at org.thymeleaf.processor.attr.AbstractAttrProcessor.doProcess(AbstractAttrProcessor.java:87) [thymeleaf-2.1.5.RELEASE.jar:2.1.5.RELEASE]
	at org.thymeleaf.processor.AbstractProcessor.process(AbstractProcessor.java:212) [thymeleaf-2.1.5.RELEASE.jar:2.1.5.RELEASE]
	at org.thymeleaf.dom.Node.applyNextProcessor(Node.java:1017) [thymeleaf-2.1.5.RELEASE.jar:2.1.5.RELEASE]
	at org.thymeleaf.dom.Node.processNode(Node.java:972) [thymeleaf-2.1.5.RELEASE.jar:2.1.5.RELEASE]
	at org.thymeleaf.dom.NestableNode.computeNextChild(NestableNode.java:695) [thymeleaf-2.1.5.RELEASE.jar:2.1.5.RELEASE]
	at org.thymeleaf.dom.NestableNode.doAdditionalProcess(NestableNode.java:668) [thymeleaf-2.1.5.RELEASE.jar:2.1.5.RELEASE]
	at org.thymeleaf.dom.Node.processNode(Node.java:990) [thymeleaf-2.1.5.RELEASE.jar:2.1.5.RELEASE]
	at org.thymeleaf.dom.NestableNode.computeNextChild(NestableNode.java:695) [thymeleaf-2.1.5.RELEASE.jar:2.1.5.RELEASE]
	at org.thymeleaf.dom.NestableNode.doAdditionalProcess(NestableNode.java:668) [thymeleaf-2.1.5.RELEASE.jar:2.1.5.RELEASE]
	at org.thymeleaf.dom.Node.processNode(Node.java:990) [thymeleaf-2.1.5.RELEASE.jar:2.1.5.RELEASE]
	at org.thymeleaf.dom.NestableNode.computeNextChild(NestableNode.java:695) [thymeleaf-2.1.5.RELEASE.jar:2.1.5.RELEASE]
	at org.thymeleaf.dom.NestableNode.doAdditionalProcess(NestableNode.java:668) [thymeleaf-2.1.5.RELEASE.jar:2.1.5.RELEASE]
	at org.thymeleaf.dom.Node.processNode(Node.java:990) [thymeleaf-2.1.5.RELEASE.jar:2.1.5.RELEASE]
	at org.thymeleaf.dom.Document.process(Document.java:93) [thymeleaf-2.1.5.RELEASE.jar:2.1.5.RELEASE]
	at org.thymeleaf.TemplateEngine.process(TemplateEngine.java:1155) [thymeleaf-2.1.5.RELEASE.jar:2.1.5.RELEASE]
	at org.thymeleaf.TemplateEngine.process(TemplateEngine.java:1060) [thymeleaf-2.1.5.RELEASE.jar:2.1.5.RELEASE]
	at org.thymeleaf.TemplateEngine.process(TemplateEngine.java:1011) [thymeleaf-2.1.5.RELEASE.jar:2.1.5.RELEASE]
	at org.thymeleaf.spring4.view.ThymeleafView.renderFragment(ThymeleafView.java:335) [thymeleaf-spring4-2.1.5.RELEASE.jar:2.1.5.RELEASE]
	at org.thymeleaf.spring4.view.ThymeleafView.render(ThymeleafView.java:190) [thymeleaf-spring4-2.1.5.RELEASE.jar:2.1.5.RELEASE]
	at org.springframework.web.servlet.DispatcherServlet.render(DispatcherServlet.java:1257) [spring-webmvc-4.3.3.RELEASE.jar:4.3.3.RELEASE]
	at org.springframework.web.servlet.DispatcherServlet.processDispatchResult(DispatcherServlet.java:1037) [spring-webmvc-4.3.3.RELEASE.jar:4.3.3.RELEASE]
	at org.springframework.web.servlet.DispatcherServlet.doDispatch(DispatcherServlet.java:980) [spring-webmvc-4.3.3.RELEASE.jar:4.3.3.RELEASE]
	at org.springframework.web.servlet.DispatcherServlet.doService(DispatcherServlet.java:897) [spring-webmvc-4.3.3.RELEASE.jar:4.3.3.RELEASE]
	at org.springframework.web.servlet.FrameworkServlet.processRequest(FrameworkServlet.java:970) [spring-webmvc-4.3.3.RELEASE.jar:4.3.3.RELEASE]
	at org.springframework.web.servlet.FrameworkServlet.doGet(FrameworkServlet.java:861) [spring-webmvc-4.3.3.RELEASE.jar:4.3.3.RELEASE]
	at javax.servlet.http.HttpServlet.service(HttpServlet.java:622) [tomcat-embed-core-8.5.5.jar:8.5.5]
	at org.springframework.web.servlet.FrameworkServlet.service(FrameworkServlet.java:846) [spring-webmvc-4.3.3.RELEASE.jar:4.3.3.RELEASE]
	at javax.servlet.http.HttpServlet.service(HttpServlet.java:729) [tomcat-embed-core-8.5.5.jar:8.5.5]
	at org.apache.catalina.core.ApplicationFilterChain.internalDoFilter(ApplicationFilterChain.java:230) [tomcat-embed-core-8.5.5.jar:8.5.5]
	at org.apache.catalina.core.ApplicationFilterChain.doFilter(ApplicationFilterChain.java:165) [tomcat-embed-core-8.5.5.jar:8.5.5]
	at org.apache.catalina.core.ApplicationDispatcher.invoke(ApplicationDispatcher.java:726) [tomcat-embed-core-8.5.5.jar:8.5.5]
	at org.apache.catalina.core.ApplicationDispatcher.processRequest(ApplicationDispatcher.java:471) [tomcat-embed-core-8.5.5.jar:8.5.5]
	at org.apache.catalina.core.ApplicationDispatcher.doForward(ApplicationDispatcher.java:394) [tomcat-embed-core-8.5.5.jar:8.5.5]
	at org.apache.catalina.core.ApplicationDispatcher.forward(ApplicationDispatcher.java:311) [tomcat-embed-core-8.5.5.jar:8.5.5]
	at org.apache.catalina.core.StandardHostValve.custom(StandardHostValve.java:395) [tomcat-embed-core-8.5.5.jar:8.5.5]
	at org.apache.catalina.core.StandardHostValve.status(StandardHostValve.java:254) [tomcat-embed-core-8.5.5.jar:8.5.5]
	at org.apache.catalina.core.StandardHostValve.throwable(StandardHostValve.java:349) [tomcat-embed-core-8.5.5.jar:8.5.5]
	at org.apache.catalina.core.StandardHostValve.invoke(StandardHostValve.java:175) [tomcat-embed-core-8.5.5.jar:8.5.5]
	at org.apache.catalina.valves.ErrorReportValve.invoke(ErrorReportValve.java:79) [tomcat-embed-core-8.5.5.jar:8.5.5]
	at org.apache.catalina.core.StandardEngineValve.invoke(StandardEngineValve.java:87) [tomcat-embed-core-8.5.5.jar:8.5.5]
	at org.apache.catalina.connector.CoyoteAdapter.service(CoyoteAdapter.java:349) [tomcat-embed-core-8.5.5.jar:8.5.5]
	at org.apache.coyote.http11.Http11Processor.service(Http11Processor.java:784) [tomcat-embed-core-8.5.5.jar:8.5.5]
	at org.apache.coyote.AbstractProcessorLight.process(AbstractProcessorLight.java:66) [tomcat-embed-core-8.5.5.jar:8.5.5]
	at org.apache.coyote.AbstractProtocol$ConnectionHandler.process(AbstractProtocol.java:802) [tomcat-embed-core-8.5.5.jar:8.5.5]
	at org.apache.tomcat.util.net.NioEndpoint$SocketProcessor.doRun(NioEndpoint.java:1410) [tomcat-embed-core-8.5.5.jar:8.5.5]
	at org.apache.tomcat.util.net.SocketProcessorBase.run(SocketProcessorBase.java:49) [tomcat-embed-core-8.5.5.jar:8.5.5]
	at java.util.concurrent.ThreadPoolExecutor.runWorker(ThreadPoolExecutor.java:1142) [na:1.8.0_77]
	at java.util.concurrent.ThreadPoolExecutor$Worker.run(ThreadPoolExecutor.java:617) [na:1.8.0_77]
	at org.apache.tomcat.util.threads.TaskThread$WrappingRunnable.run(TaskThread.java:61) [tomcat-embed-core-8.5.5.jar:8.5.5]
	at java.lang.Thread.run(Thread.java:745) [na:1.8.0_77]

2016-10-13 20:13:24.686 ERROR 3472 --- [http-nio-8080-exec-1] org.thymeleaf.TemplateEngine             : [THYMELEAF][http-nio-8080-exec-1] Exception processing template "error/5xx": Exception parsing document: template="fragments/header", line 42 - column 19 (error/5xx:16)
2016-10-13 20:13:24.687 ERROR 3472 --- [http-nio-8080-exec-1] o.a.c.c.C.[.[.[/].[dispatcherServlet]    : Servlet.service() for servlet dispatcherServlet threw exception

org.xml.sax.SAXParseException: The element type "input" must be terminated by the matching end-tag "</input>".
	at org.apache.xerces.util.ErrorHandlerWrapper.createSAXParseException(Unknown Source) ~[xercesImpl-2.11.0.jar:na]
	at org.apache.xerces.util.ErrorHandlerWrapper.fatalError(Unknown Source) ~[xercesImpl-2.11.0.jar:na]
	at org.apache.xerces.impl.XMLErrorReporter.reportError(Unknown Source) ~[xercesImpl-2.11.0.jar:na]
	at org.apache.xerces.impl.XMLErrorReporter.reportError(Unknown Source) ~[xercesImpl-2.11.0.jar:na]
	at org.apache.xerces.impl.XMLErrorReporter.reportError(Unknown Source) ~[xercesImpl-2.11.0.jar:na]
	at org.apache.xerces.impl.XMLScanner.reportFatalError(Unknown Source) ~[xercesImpl-2.11.0.jar:na]
	at org.apache.xerces.impl.XMLDocumentFragmentScannerImpl.scanEndElement(Unknown Source) ~[xercesImpl-2.11.0.jar:na]
	at org.apache.xerces.impl.XMLDocumentFragmentScannerImpl$FragmentContentDispatcher.dispatch(Unknown Source) ~[xercesImpl-2.11.0.jar:na]
	at org.apache.xerces.impl.XMLDocumentFragmentScannerImpl.scanDocument(Unknown Source) ~[xercesImpl-2.11.0.jar:na]
	at org.apache.xerces.parsers.XML11Configuration.parse(Unknown Source) ~[xercesImpl-2.11.0.jar:na]
	at org.apache.xerces.parsers.XML11Configuration.parse(Unknown Source) ~[xercesImpl-2.11.0.jar:na]
	at org.apache.xerces.parsers.XMLParser.parse(Unknown Source) ~[xercesImpl-2.11.0.jar:na]
	at org.apache.xerces.parsers.AbstractSAXParser.parse(Unknown Source) ~[xercesImpl-2.11.0.jar:na]
	at org.apache.xerces.jaxp.SAXParserImpl$JAXPSAXParser.parse(Unknown Source) ~[xercesImpl-2.11.0.jar:na]
	at org.apache.xerces.jaxp.SAXParserImpl.parse(Unknown Source) ~[xercesImpl-2.11.0.jar:na]
	at org.thymeleaf.templateparser.xmlsax.AbstractNonValidatingSAXTemplateParser.doParse(AbstractNonValidatingSAXTemplateParser.java:209) ~[thymeleaf-2.1.5.RELEASE.jar:2.1.5.RELEASE]
	at org.thymeleaf.templateparser.xmlsax.AbstractNonValidatingSAXTemplateParser.parseTemplateUsingPool(AbstractNonValidatingSAXTemplateParser.java:134) ~[thymeleaf-2.1.5.RELEASE.jar:2.1.5.RELEASE]
	at org.thymeleaf.templateparser.xmlsax.AbstractNonValidatingSAXTemplateParser.parseTemplate(AbstractNonValidatingSAXTemplateParser.java:116) ~[thymeleaf-2.1.5.RELEASE.jar:2.1.5.RELEASE]
	at org.thymeleaf.TemplateRepository.getTemplate(TemplateRepository.java:278) ~[thymeleaf-2.1.5.RELEASE.jar:2.1.5.RELEASE]
	at org.thymeleaf.standard.fragment.StandardFragment.extractFragment(StandardFragment.java:202) ~[thymeleaf-2.1.5.RELEASE.jar:2.1.5.RELEASE]
	at org.thymeleaf.standard.processor.attr.AbstractStandardFragmentHandlingAttrProcessor.computeFragment(AbstractStandardFragmentHandlingAttrProcessor.java:72) ~[thymeleaf-2.1.5.RELEASE.jar:2.1.5.RELEASE]
	at org.thymeleaf.processor.attr.AbstractFragmentHandlingAttrProcessor.processAttribute(AbstractFragmentHandlingAttrProcessor.java:63) ~[thymeleaf-2.1.5.RELEASE.jar:2.1.5.RELEASE]
	at org.thymeleaf.processor.attr.AbstractAttrProcessor.doProcess(AbstractAttrProcessor.java:87) ~[thymeleaf-2.1.5.RELEASE.jar:2.1.5.RELEASE]
	at org.thymeleaf.processor.AbstractProcessor.process(AbstractProcessor.java:212) ~[thymeleaf-2.1.5.RELEASE.jar:2.1.5.RELEASE]
	at org.thymeleaf.dom.Node.applyNextProcessor(Node.java:1017) ~[thymeleaf-2.1.5.RELEASE.jar:2.1.5.RELEASE]
	at org.thymeleaf.dom.Node.processNode(Node.java:972) ~[thymeleaf-2.1.5.RELEASE.jar:2.1.5.RELEASE]
	at org.thymeleaf.dom.NestableNode.computeNextChild(NestableNode.java:695) ~[thymeleaf-2.1.5.RELEASE.jar:2.1.5.RELEASE]
	at org.thymeleaf.dom.NestableNode.doAdditionalProcess(NestableNode.java:668) ~[thymeleaf-2.1.5.RELEASE.jar:2.1.5.RELEASE]
	at org.thymeleaf.dom.Node.processNode(Node.java:990) ~[thymeleaf-2.1.5.RELEASE.jar:2.1.5.RELEASE]
	at org.thymeleaf.dom.NestableNode.computeNextChild(NestableNode.java:695) ~[thymeleaf-2.1.5.RELEASE.jar:2.1.5.RELEASE]
	at org.thymeleaf.dom.NestableNode.doAdditionalProcess(NestableNode.java:668) ~[thymeleaf-2.1.5.RELEASE.jar:2.1.5.RELEASE]
	at org.thymeleaf.dom.Node.processNode(Node.java:990) ~[thymeleaf-2.1.5.RELEASE.jar:2.1.5.RELEASE]
	at org.thymeleaf.dom.NestableNode.computeNextChild(NestableNode.java:695) ~[thymeleaf-2.1.5.RELEASE.jar:2.1.5.RELEASE]
	at org.thymeleaf.dom.NestableNode.doAdditionalProcess(NestableNode.java:668) ~[thymeleaf-2.1.5.RELEASE.jar:2.1.5.RELEASE]
	at org.thymeleaf.dom.Node.processNode(Node.java:990) ~[thymeleaf-2.1.5.RELEASE.jar:2.1.5.RELEASE]
	at org.thymeleaf.dom.Document.process(Document.java:93) ~[thymeleaf-2.1.5.RELEASE.jar:2.1.5.RELEASE]
	at org.thymeleaf.TemplateEngine.process(TemplateEngine.java:1155) ~[thymeleaf-2.1.5.RELEASE.jar:2.1.5.RELEASE]
	at org.thymeleaf.TemplateEngine.process(TemplateEngine.java:1060) ~[thymeleaf-2.1.5.RELEASE.jar:2.1.5.RELEASE]
	at org.thymeleaf.TemplateEngine.process(TemplateEngine.java:1011) ~[thymeleaf-2.1.5.RELEASE.jar:2.1.5.RELEASE]
	at org.thymeleaf.spring4.view.ThymeleafView.renderFragment(ThymeleafView.java:335) ~[thymeleaf-spring4-2.1.5.RELEASE.jar:2.1.5.RELEASE]
	at org.thymeleaf.spring4.view.ThymeleafView.render(ThymeleafView.java:190) ~[thymeleaf-spring4-2.1.5.RELEASE.jar:2.1.5.RELEASE]
	at org.springframework.web.servlet.DispatcherServlet.render(DispatcherServlet.java:1257) ~[spring-webmvc-4.3.3.RELEASE.jar:4.3.3.RELEASE]
	at org.springframework.web.servlet.DispatcherServlet.processDispatchResult(DispatcherServlet.java:1037) ~[spring-webmvc-4.3.3.RELEASE.jar:4.3.3.RELEASE]
	at org.springframework.web.servlet.DispatcherServlet.doDispatch(DispatcherServlet.java:980) ~[spring-webmvc-4.3.3.RELEASE.jar:4.3.3.RELEASE]
	at org.springframework.web.servlet.DispatcherServlet.doService(DispatcherServlet.java:897) ~[spring-webmvc-4.3.3.RELEASE.jar:4.3.3.RELEASE]
	at org.springframework.web.servlet.FrameworkServlet.processRequest(FrameworkServlet.java:970) ~[spring-webmvc-4.3.3.RELEASE.jar:4.3.3.RELEASE]
	at org.springframework.web.servlet.FrameworkServlet.doGet(FrameworkServlet.java:861) ~[spring-webmvc-4.3.3.RELEASE.jar:4.3.3.RELEASE]
	at javax.servlet.http.HttpServlet.service(HttpServlet.java:622) ~[tomcat-embed-core-8.5.5.jar:8.5.5]
	at org.springframework.web.servlet.FrameworkServlet.service(FrameworkServlet.java:846) ~[spring-webmvc-4.3.3.RELEASE.jar:4.3.3.RELEASE]
	at javax.servlet.http.HttpServlet.service(HttpServlet.java:729) ~[tomcat-embed-core-8.5.5.jar:8.5.5]
	at org.apache.catalina.core.ApplicationFilterChain.internalDoFilter(ApplicationFilterChain.java:230) ~[tomcat-embed-core-8.5.5.jar:8.5.5]
	at org.apache.catalina.core.ApplicationFilterChain.doFilter(ApplicationFilterChain.java:165) ~[tomcat-embed-core-8.5.5.jar:8.5.5]
	at org.apache.catalina.core.ApplicationDispatcher.invoke(ApplicationDispatcher.java:726) [tomcat-embed-core-8.5.5.jar:8.5.5]
	at org.apache.catalina.core.ApplicationDispatcher.processRequest(ApplicationDispatcher.java:471) [tomcat-embed-core-8.5.5.jar:8.5.5]
	at org.apache.catalina.core.ApplicationDispatcher.doForward(ApplicationDispatcher.java:394) [tomcat-embed-core-8.5.5.jar:8.5.5]
	at org.apache.catalina.core.ApplicationDispatcher.forward(ApplicationDispatcher.java:311) [tomcat-embed-core-8.5.5.jar:8.5.5]
	at org.apache.catalina.core.StandardHostValve.custom(StandardHostValve.java:395) [tomcat-embed-core-8.5.5.jar:8.5.5]
	at org.apache.catalina.core.StandardHostValve.status(StandardHostValve.java:254) [tomcat-embed-core-8.5.5.jar:8.5.5]
	at org.apache.catalina.core.StandardHostValve.throwable(StandardHostValve.java:349) [tomcat-embed-core-8.5.5.jar:8.5.5]
	at org.apache.catalina.core.StandardHostValve.invoke(StandardHostValve.java:175) [tomcat-embed-core-8.5.5.jar:8.5.5]
	at org.apache.catalina.valves.ErrorReportValve.invoke(ErrorReportValve.java:79) [tomcat-embed-core-8.5.5.jar:8.5.5]
	at org.apache.catalina.core.StandardEngineValve.invoke(StandardEngineValve.java:87) [tomcat-embed-core-8.5.5.jar:8.5.5]
	at org.apache.catalina.connector.CoyoteAdapter.service(CoyoteAdapter.java:349) [tomcat-embed-core-8.5.5.jar:8.5.5]
	at org.apache.coyote.http11.Http11Processor.service(Http11Processor.java:784) [tomcat-embed-core-8.5.5.jar:8.5.5]
	at org.apache.coyote.AbstractProcessorLight.process(AbstractProcessorLight.java:66) [tomcat-embed-core-8.5.5.jar:8.5.5]
	at org.apache.coyote.AbstractProtocol$ConnectionHandler.process(AbstractProtocol.java:802) [tomcat-embed-core-8.5.5.jar:8.5.5]
	at org.apache.tomcat.util.net.NioEndpoint$SocketProcessor.doRun(NioEndpoint.java:1410) [tomcat-embed-core-8.5.5.jar:8.5.5]
	at org.apache.tomcat.util.net.SocketProcessorBase.run(SocketProcessorBase.java:49) [tomcat-embed-core-8.5.5.jar:8.5.5]
	at java.util.concurrent.ThreadPoolExecutor.runWorker(ThreadPoolExecutor.java:1142) [na:1.8.0_77]
	at java.util.concurrent.ThreadPoolExecutor$Worker.run(ThreadPoolExecutor.java:617) [na:1.8.0_77]
	at org.apache.tomcat.util.threads.TaskThread$WrappingRunnable.run(TaskThread.java:61) [tomcat-embed-core-8.5.5.jar:8.5.5]
	at java.lang.Thread.run(Thread.java:745) [na:1.8.0_77]

2016-10-13 20:13:24.688 ERROR 3472 --- [http-nio-8080-exec-1] o.a.c.c.C.[Tomcat].[localhost]           : Exception Processing ErrorPage[errorCode=0, location=/error]

org.springframework.web.util.NestedServletException: Request processing failed; nested exception is org.thymeleaf.exceptions.TemplateInputException: Exception parsing document: template="fragments/header", line 42 - column 19 (error/5xx:16)
	at org.springframework.web.servlet.FrameworkServlet.processRequest(FrameworkServlet.java:982) ~[spring-webmvc-4.3.3.RELEASE.jar:4.3.3.RELEASE]
	at org.springframework.web.servlet.FrameworkServlet.doGet(FrameworkServlet.java:861) ~[spring-webmvc-4.3.3.RELEASE.jar:4.3.3.RELEASE]
	at javax.servlet.http.HttpServlet.service(HttpServlet.java:622) ~[tomcat-embed-core-8.5.5.jar:8.5.5]
	at org.springframework.web.servlet.FrameworkServlet.service(FrameworkServlet.java:846) ~[spring-webmvc-4.3.3.RELEASE.jar:4.3.3.RELEASE]
	at javax.servlet.http.HttpServlet.service(HttpServlet.java:729) ~[tomcat-embed-core-8.5.5.jar:8.5.5]
	at org.apache.catalina.core.ApplicationFilterChain.internalDoFilter(ApplicationFilterChain.java:230) ~[tomcat-embed-core-8.5.5.jar:8.5.5]
	at org.apache.catalina.core.ApplicationFilterChain.doFilter(ApplicationFilterChain.java:165) ~[tomcat-embed-core-8.5.5.jar:8.5.5]
	at org.apache.catalina.core.ApplicationDispatcher.invoke(ApplicationDispatcher.java:726) ~[tomcat-embed-core-8.5.5.jar:8.5.5]
	at org.apache.catalina.core.ApplicationDispatcher.processRequest(ApplicationDispatcher.java:471) ~[tomcat-embed-core-8.5.5.jar:8.5.5]
	at org.apache.catalina.core.ApplicationDispatcher.doForward(ApplicationDispatcher.java:394) ~[tomcat-embed-core-8.5.5.jar:8.5.5]
	at org.apache.catalina.core.ApplicationDispatcher.forward(ApplicationDispatcher.java:311) ~[tomcat-embed-core-8.5.5.jar:8.5.5]
	at org.apache.catalina.core.StandardHostValve.custom(StandardHostValve.java:395) [tomcat-embed-core-8.5.5.jar:8.5.5]
	at org.apache.catalina.core.StandardHostValve.status(StandardHostValve.java:254) [tomcat-embed-core-8.5.5.jar:8.5.5]
	at org.apache.catalina.core.StandardHostValve.throwable(StandardHostValve.java:349) [tomcat-embed-core-8.5.5.jar:8.5.5]
	at org.apache.catalina.core.StandardHostValve.invoke(StandardHostValve.java:175) [tomcat-embed-core-8.5.5.jar:8.5.5]
	at org.apache.catalina.valves.ErrorReportValve.invoke(ErrorReportValve.java:79) [tomcat-embed-core-8.5.5.jar:8.5.5]
	at org.apache.catalina.core.StandardEngineValve.invoke(StandardEngineValve.java:87) [tomcat-embed-core-8.5.5.jar:8.5.5]
	at org.apache.catalina.connector.CoyoteAdapter.service(CoyoteAdapter.java:349) [tomcat-embed-core-8.5.5.jar:8.5.5]
	at org.apache.coyote.http11.Http11Processor.service(Http11Processor.java:784) [tomcat-embed-core-8.5.5.jar:8.5.5]
	at org.apache.coyote.AbstractProcessorLight.process(AbstractProcessorLight.java:66) [tomcat-embed-core-8.5.5.jar:8.5.5]
	at org.apache.coyote.AbstractProtocol$ConnectionHandler.process(AbstractProtocol.java:802) [tomcat-embed-core-8.5.5.jar:8.5.5]
	at org.apache.tomcat.util.net.NioEndpoint$SocketProcessor.doRun(NioEndpoint.java:1410) [tomcat-embed-core-8.5.5.jar:8.5.5]
	at org.apache.tomcat.util.net.SocketProcessorBase.run(SocketProcessorBase.java:49) [tomcat-embed-core-8.5.5.jar:8.5.5]
	at java.util.concurrent.ThreadPoolExecutor.runWorker(ThreadPoolExecutor.java:1142) [na:1.8.0_77]
	at java.util.concurrent.ThreadPoolExecutor$Worker.run(ThreadPoolExecutor.java:617) [na:1.8.0_77]
	at org.apache.tomcat.util.threads.TaskThread$WrappingRunnable.run(TaskThread.java:61) [tomcat-embed-core-8.5.5.jar:8.5.5]
	at java.lang.Thread.run(Thread.java:745) [na:1.8.0_77]
Caused by: org.thymeleaf.exceptions.TemplateInputException: Exception parsing document: template="fragments/header", line 42 - column 19 (error/5xx:16)
	at org.thymeleaf.templateparser.xmlsax.AbstractNonValidatingSAXTemplateParser.parseTemplateUsingPool(AbstractNonValidatingSAXTemplateParser.java:166) ~[thymeleaf-2.1.5.RELEASE.jar:2.1.5.RELEASE]
	at org.thymeleaf.templateparser.xmlsax.AbstractNonValidatingSAXTemplateParser.parseTemplate(AbstractNonValidatingSAXTemplateParser.java:116) ~[thymeleaf-2.1.5.RELEASE.jar:2.1.5.RELEASE]
	at org.thymeleaf.TemplateRepository.getTemplate(TemplateRepository.java:278) ~[thymeleaf-2.1.5.RELEASE.jar:2.1.5.RELEASE]
	at org.thymeleaf.standard.fragment.StandardFragment.extractFragment(StandardFragment.java:202) ~[thymeleaf-2.1.5.RELEASE.jar:2.1.5.RELEASE]
	at org.thymeleaf.standard.processor.attr.AbstractStandardFragmentHandlingAttrProcessor.computeFragment(AbstractStandardFragmentHandlingAttrProcessor.java:72) ~[thymeleaf-2.1.5.RELEASE.jar:2.1.5.RELEASE]
	at org.thymeleaf.processor.attr.AbstractFragmentHandlingAttrProcessor.processAttribute(AbstractFragmentHandlingAttrProcessor.java:63) ~[thymeleaf-2.1.5.RELEASE.jar:2.1.5.RELEASE]
	at org.thymeleaf.processor.attr.AbstractAttrProcessor.doProcess(AbstractAttrProcessor.java:87) ~[thymeleaf-2.1.5.RELEASE.jar:2.1.5.RELEASE]
	at org.thymeleaf.processor.AbstractProcessor.process(AbstractProcessor.java:212) ~[thymeleaf-2.1.5.RELEASE.jar:2.1.5.RELEASE]
	at org.thymeleaf.dom.Node.applyNextProcessor(Node.java:1017) ~[thymeleaf-2.1.5.RELEASE.jar:2.1.5.RELEASE]
	at org.thymeleaf.dom.Node.processNode(Node.java:972) ~[thymeleaf-2.1.5.RELEASE.jar:2.1.5.RELEASE]
	at org.thymeleaf.dom.NestableNode.computeNextChild(NestableNode.java:695) ~[thymeleaf-2.1.5.RELEASE.jar:2.1.5.RELEASE]
	at org.thymeleaf.dom.NestableNode.doAdditionalProcess(NestableNode.java:668) ~[thymeleaf-2.1.5.RELEASE.jar:2.1.5.RELEASE]
	at org.thymeleaf.dom.Node.processNode(Node.java:990) ~[thymeleaf-2.1.5.RELEASE.jar:2.1.5.RELEASE]
	at org.thymeleaf.dom.NestableNode.computeNextChild(NestableNode.java:695) ~[thymeleaf-2.1.5.RELEASE.jar:2.1.5.RELEASE]
	at org.thymeleaf.dom.NestableNode.doAdditionalProcess(NestableNode.java:668) ~[thymeleaf-2.1.5.RELEASE.jar:2.1.5.RELEASE]
	at org.thymeleaf.dom.Node.processNode(Node.java:990) ~[thymeleaf-2.1.5.RELEASE.jar:2.1.5.RELEASE]
	at org.thymeleaf.dom.NestableNode.computeNextChild(NestableNode.java:695) ~[thymeleaf-2.1.5.RELEASE.jar:2.1.5.RELEASE]
	at org.thymeleaf.dom.NestableNode.doAdditionalProcess(NestableNode.java:668) ~[thymeleaf-2.1.5.RELEASE.jar:2.1.5.RELEASE]
	at org.thymeleaf.dom.Node.processNode(Node.java:990) ~[thymeleaf-2.1.5.RELEASE.jar:2.1.5.RELEASE]
	at org.thymeleaf.dom.Document.process(Document.java:93) ~[thymeleaf-2.1.5.RELEASE.jar:2.1.5.RELEASE]
	at org.thymeleaf.TemplateEngine.process(TemplateEngine.java:1155) ~[thymeleaf-2.1.5.RELEASE.jar:2.1.5.RELEASE]
	at org.thymeleaf.TemplateEngine.process(TemplateEngine.java:1060) ~[thymeleaf-2.1.5.RELEASE.jar:2.1.5.RELEASE]
	at org.thymeleaf.TemplateEngine.process(TemplateEngine.java:1011) ~[thymeleaf-2.1.5.RELEASE.jar:2.1.5.RELEASE]
	at org.thymeleaf.spring4.view.ThymeleafView.renderFragment(ThymeleafView.java:335) ~[thymeleaf-spring4-2.1.5.RELEASE.jar:2.1.5.RELEASE]
	at org.thymeleaf.spring4.view.ThymeleafView.render(ThymeleafView.java:190) ~[thymeleaf-spring4-2.1.5.RELEASE.jar:2.1.5.RELEASE]
	at org.springframework.web.servlet.DispatcherServlet.render(DispatcherServlet.java:1257) ~[spring-webmvc-4.3.3.RELEASE.jar:4.3.3.RELEASE]
	at org.springframework.web.servlet.DispatcherServlet.processDispatchResult(DispatcherServlet.java:1037) ~[spring-webmvc-4.3.3.RELEASE.jar:4.3.3.RELEASE]
	at org.springframework.web.servlet.DispatcherServlet.doDispatch(DispatcherServlet.java:980) ~[spring-webmvc-4.3.3.RELEASE.jar:4.3.3.RELEASE]
	at org.springframework.web.servlet.DispatcherServlet.doService(DispatcherServlet.java:897) ~[spring-webmvc-4.3.3.RELEASE.jar:4.3.3.RELEASE]
	at org.springframework.web.servlet.FrameworkServlet.processRequest(FrameworkServlet.java:970) ~[spring-webmvc-4.3.3.RELEASE.jar:4.3.3.RELEASE]
	... 26 common frames omitted
Caused by: org.xml.sax.SAXParseException: The element type "input" must be terminated by the matching end-tag "</input>".
	at org.apache.xerces.util.ErrorHandlerWrapper.createSAXParseException(Unknown Source) ~[xercesImpl-2.11.0.jar:na]
	at org.apache.xerces.util.ErrorHandlerWrapper.fatalError(Unknown Source) ~[xercesImpl-2.11.0.jar:na]
	at org.apache.xerces.impl.XMLErrorReporter.reportError(Unknown Source) ~[xercesImpl-2.11.0.jar:na]
	at org.apache.xerces.impl.XMLErrorReporter.reportError(Unknown Source) ~[xercesImpl-2.11.0.jar:na]
	at org.apache.xerces.impl.XMLErrorReporter.reportError(Unknown Source) ~[xercesImpl-2.11.0.jar:na]
	at org.apache.xerces.impl.XMLScanner.reportFatalError(Unknown Source) ~[xercesImpl-2.11.0.jar:na]
	at org.apache.xerces.impl.XMLDocumentFragmentScannerImpl.scanEndElement(Unknown Source) ~[xercesImpl-2.11.0.jar:na]
	at org.apache.xerces.impl.XMLDocumentFragmentScannerImpl$FragmentContentDispatcher.dispatch(Unknown Source) ~[xercesImpl-2.11.0.jar:na]
	at org.apache.xerces.impl.XMLDocumentFragmentScannerImpl.scanDocument(Unknown Source) ~[xercesImpl-2.11.0.jar:na]
	at org.apache.xerces.parsers.XML11Configuration.parse(Unknown Source) ~[xercesImpl-2.11.0.jar:na]
	at org.apache.xerces.parsers.XML11Configuration.parse(Unknown Source) ~[xercesImpl-2.11.0.jar:na]
	at org.apache.xerces.parsers.XMLParser.parse(Unknown Source) ~[xercesImpl-2.11.0.jar:na]
	at org.apache.xerces.parsers.AbstractSAXParser.parse(Unknown Source) ~[xercesImpl-2.11.0.jar:na]
	at org.apache.xerces.jaxp.SAXParserImpl$JAXPSAXParser.parse(Unknown Source) ~[xercesImpl-2.11.0.jar:na]
	at org.apache.xerces.jaxp.SAXParserImpl.parse(Unknown Source) ~[xercesImpl-2.11.0.jar:na]
	at org.thymeleaf.templateparser.xmlsax.AbstractNonValidatingSAXTemplateParser.doParse(AbstractNonValidatingSAXTemplateParser.java:209) ~[thymeleaf-2.1.5.RELEASE.jar:2.1.5.RELEASE]
	at org.thymeleaf.templateparser.xmlsax.AbstractNonValidatingSAXTemplateParser.parseTemplateUsingPool(AbstractNonValidatingSAXTemplateParser.java:134) ~[thymeleaf-2.1.5.RELEASE.jar:2.1.5.RELEASE]
	... 55 common frames omitted

2016-10-13 20:14:01.056  INFO 8096 --- [main] nl.avans.facturatie.main.Application     : Starting Application on Tom-PC with PID 8096 (C:\Users\Tom\Documents\GitHub\proftaakVH5B1\target\classes started by Tom in C:\Users\Tom\Documents\GitHub\proftaakVH5B1)
2016-10-13 20:14:01.057  INFO 8096 --- [main] nl.avans.facturatie.main.Application     : The following profiles are active: default
2016-10-13 20:14:01.302  INFO 8096 --- [main] ationConfigEmbeddedWebApplicationContext : Refreshing org.springframework.boot.context.embedded.AnnotationConfigEmbeddedWebApplicationContext@2cd76f31: startup date [Thu Oct 13 20:14:01 CEST 2016]; root of context hierarchy
2016-10-13 20:14:02.909  INFO 8096 --- [main] trationDelegate$BeanPostProcessorChecker : Bean 'org.springframework.transaction.annotation.ProxyTransactionManagementConfiguration' of type [class org.springframework.transaction.annotation.ProxyTransactionManagementConfiguration$$EnhancerBySpringCGLIB$$127a43ae] is not eligible for getting processed by all BeanPostProcessors (for example: not eligible for auto-proxying)
2016-10-13 20:14:03.516  INFO 8096 --- [main] s.b.c.e.t.TomcatEmbeddedServletContainer : Tomcat initialized with port(s): 8080 (http)
2016-10-13 20:14:03.529  INFO 8096 --- [main] o.apache.catalina.core.StandardService   : Starting service Tomcat
2016-10-13 20:14:03.530  INFO 8096 --- [main] org.apache.catalina.core.StandardEngine  : Starting Servlet Engine: Apache Tomcat/8.5.5
2016-10-13 20:14:03.632  INFO 8096 --- [localhost-startStop-1] o.a.c.c.C.[Tomcat].[localhost].[/]       : Initializing Spring embedded WebApplicationContext
2016-10-13 20:14:03.637  INFO 8096 --- [localhost-startStop-1] o.s.web.context.ContextLoader            : Root WebApplicationContext: initialization completed in 2338 ms
2016-10-13 20:14:03.813  INFO 8096 --- [localhost-startStop-1] o.s.b.w.servlet.ServletRegistrationBean  : Mapping servlet: 'dispatcherServlet' to [/]
2016-10-13 20:14:03.818  INFO 8096 --- [localhost-startStop-1] o.s.b.w.servlet.FilterRegistrationBean   : Mapping filter: 'characterEncodingFilter' to: [/*]
2016-10-13 20:14:03.818  INFO 8096 --- [localhost-startStop-1] o.s.b.w.servlet.FilterRegistrationBean   : Mapping filter: 'hiddenHttpMethodFilter' to: [/*]
2016-10-13 20:14:03.823  INFO 8096 --- [localhost-startStop-1] o.s.b.w.servlet.FilterRegistrationBean   : Mapping filter: 'httpPutFormContentFilter' to: [/*]
2016-10-13 20:14:03.824  INFO 8096 --- [localhost-startStop-1] o.s.b.w.servlet.FilterRegistrationBean   : Mapping filter: 'requestContextFilter' to: [/*]
2016-10-13 20:14:04.040  INFO 8096 --- [main] o.s.b.f.config.PropertiesFactoryBean     : Loading properties file from class path resource [rest-default-messages.properties]
2016-10-13 20:14:04.582  INFO 8096 --- [main] s.w.s.m.m.a.RequestMappingHandlerAdapter : Looking for @ControllerAdvice: org.springframework.boot.context.embedded.AnnotationConfigEmbeddedWebApplicationContext@2cd76f31: startup date [Thu Oct 13 20:14:01 CEST 2016]; root of context hierarchy
2016-10-13 20:14:04.658  INFO 8096 --- [main] s.w.s.m.m.a.RequestMappingHandlerMapping : Mapped "{[/]}" onto java.lang.String nl.avans.facturatie.presentation.HomeController.index(org.springframework.ui.Model)
2016-10-13 20:14:04.660  INFO 8096 --- [main] s.w.s.m.m.a.RequestMappingHandlerMapping : Mapped "{[/login]}" onto java.lang.String nl.avans.facturatie.presentation.LoginController.index(org.springframework.ui.Model)
2016-10-13 20:14:04.662  INFO 8096 --- [main] s.w.s.m.m.a.RequestMappingHandlerMapping : Mapped "{[/error]}" onto public org.springframework.http.ResponseEntity<java.util.Map<java.lang.String, java.lang.Object>> org.springframework.boot.autoconfigure.web.BasicErrorController.error(javax.servlet.http.HttpServletRequest)
2016-10-13 20:14:04.663  INFO 8096 --- [main] s.w.s.m.m.a.RequestMappingHandlerMapping : Mapped "{[/error],produces=[text/html]}" onto public org.springframework.web.servlet.ModelAndView org.springframework.boot.autoconfigure.web.BasicErrorController.errorHtml(javax.servlet.http.HttpServletRequest,javax.servlet.http.HttpServletResponse)
2016-10-13 20:14:04.699  INFO 8096 --- [main] o.s.w.s.handler.SimpleUrlHandlerMapping  : Mapped URL path [/static/**] onto handler of type [class org.springframework.web.servlet.resource.ResourceHttpRequestHandler]
2016-10-13 20:14:04.699  INFO 8096 --- [main] o.s.w.s.handler.SimpleUrlHandlerMapping  : Mapped URL path [/webjars/**] onto handler of type [class org.springframework.web.servlet.resource.ResourceHttpRequestHandler]
2016-10-13 20:14:04.699  INFO 8096 --- [main] o.s.w.s.handler.SimpleUrlHandlerMapping  : Mapped URL path [/**] onto handler of type [class org.springframework.web.servlet.resource.ResourceHttpRequestHandler]
2016-10-13 20:14:04.703  INFO 8096 --- [main] o.s.w.s.handler.SimpleUrlHandlerMapping  : Mapped URL path [/**] onto handler of type [class org.springframework.web.servlet.resource.DefaultServletHttpRequestHandler]
2016-10-13 20:14:04.723  INFO 8096 --- [main] .m.m.a.ExceptionHandlerExceptionResolver : Detected @ExceptionHandler methods in repositoryRestExceptionHandler
2016-10-13 20:14:04.747  INFO 8096 --- [main] o.s.w.s.handler.SimpleUrlHandlerMapping  : Mapped URL path [/**/favicon.ico] onto handler of type [class org.springframework.web.servlet.resource.ResourceHttpRequestHandler]
2016-10-13 20:14:04.886  INFO 8096 --- [main] o.s.d.r.w.RepositoryRestHandlerAdapter   : Looking for @ControllerAdvice: org.springframework.boot.context.embedded.AnnotationConfigEmbeddedWebApplicationContext@2cd76f31: startup date [Thu Oct 13 20:14:01 CEST 2016]; root of context hierarchy
2016-10-13 20:14:04.895  INFO 8096 --- [main] o.s.d.r.w.RepositoryRestHandlerMapping   : Mapped "{[/ || ],methods=[GET],produces=[application/hal+json || application/json || application/*+json;charset=UTF-8]}" onto public org.springframework.http.HttpEntity<org.springframework.data.rest.webmvc.RepositoryLinksResource> org.springframework.data.rest.webmvc.RepositoryController.listRepositories()
2016-10-13 20:14:04.895  INFO 8096 --- [main] o.s.d.r.w.RepositoryRestHandlerMapping   : Mapped "{[/ || ],methods=[HEAD],produces=[application/hal+json || application/json || application/*+json;charset=UTF-8]}" onto public org.springframework.http.ResponseEntity<?> org.springframework.data.rest.webmvc.RepositoryController.headForRepositories()
2016-10-13 20:14:04.895  INFO 8096 --- [main] o.s.d.r.w.RepositoryRestHandlerMapping   : Mapped "{[/ || ],methods=[OPTIONS],produces=[application/hal+json || application/json || application/*+json;charset=UTF-8]}" onto public org.springframework.http.HttpEntity<?> org.springframework.data.rest.webmvc.RepositoryController.optionsForRepositories()
2016-10-13 20:14:04.899  INFO 8096 --- [main] o.s.d.r.w.RepositoryRestHandlerMapping   : Mapped "{[/{repository}/{id}],methods=[GET],produces=[application/hal+json || application/json || application/*+json;charset=UTF-8]}" onto public org.springframework.http.ResponseEntity<org.springframework.hateoas.Resource<?>> org.springframework.data.rest.webmvc.RepositoryEntityController.getItemResource(org.springframework.data.rest.webmvc.RootResourceInformation,java.io.Serializable,org.springframework.data.rest.webmvc.PersistentEntityResourceAssembler,org.springframework.util.MultiValueMap<java.lang.String, java.lang.String>) throws org.springframework.web.HttpRequestMethodNotSupportedException
2016-10-13 20:14:04.900  INFO 8096 --- [main] o.s.d.r.w.RepositoryRestHandlerMapping   : Mapped "{[/{repository}/{id}],methods=[PUT],produces=[application/hal+json || application/json || application/*+json;charset=UTF-8]}" onto public org.springframework.http.ResponseEntity<? extends org.springframework.hateoas.ResourceSupport> org.springframework.data.rest.webmvc.RepositoryEntityController.putItemResource(org.springframework.data.rest.webmvc.RootResourceInformation,org.springframework.data.rest.webmvc.PersistentEntityResource,java.io.Serializable,org.springframework.data.rest.webmvc.PersistentEntityResourceAssembler,org.springframework.data.rest.webmvc.support.ETag,java.lang.String) throws org.springframework.web.HttpRequestMethodNotSupportedException
2016-10-13 20:14:04.906  INFO 8096 --- [main] o.s.d.r.w.RepositoryRestHandlerMapping   : Mapped "{[/{repository}/{id}],methods=[OPTIONS],produces=[application/hal+json || application/json || application/*+json;charset=UTF-8]}" onto public org.springframework.http.ResponseEntity<?> org.springframework.data.rest.webmvc.RepositoryEntityController.optionsForItemResource(org.springframework.data.rest.webmvc.RootResourceInformation)
2016-10-13 20:14:04.906  INFO 8096 --- [main] o.s.d.r.w.RepositoryRestHandlerMapping   : Mapped "{[/{repository}/{id}],methods=[PATCH],produces=[application/hal+json || application/json || application/*+json;charset=UTF-8]}" onto public org.springframework.http.ResponseEntity<org.springframework.hateoas.ResourceSupport> org.springframework.data.rest.webmvc.RepositoryEntityController.patchItemResource(org.springframework.data.rest.webmvc.RootResourceInformation,org.springframework.data.rest.webmvc.PersistentEntityResource,java.io.Serializable,org.springframework.data.rest.webmvc.PersistentEntityResourceAssembler,org.springframework.data.rest.webmvc.support.ETag,java.lang.String) throws org.springframework.web.HttpRequestMethodNotSupportedException,org.springframework.data.rest.webmvc.ResourceNotFoundException
2016-10-13 20:14:04.907  INFO 8096 --- [main] o.s.d.r.w.RepositoryRestHandlerMapping   : Mapped "{[/{repository}],methods=[HEAD],produces=[application/hal+json || application/json || application/*+json;charset=UTF-8]}" onto public org.springframework.http.ResponseEntity<?> org.springframework.data.rest.webmvc.RepositoryEntityController.headCollectionResource(org.springframework.data.rest.webmvc.RootResourceInformation,org.springframework.data.rest.webmvc.support.DefaultedPageable) throws org.springframework.web.HttpRequestMethodNotSupportedException
2016-10-13 20:14:04.907  INFO 8096 --- [main] o.s.d.r.w.RepositoryRestHandlerMapping   : Mapped "{[/{repository}],methods=[GET],produces=[application/hal+json || application/json || application/*+json;charset=UTF-8]}" onto public org.springframework.hateoas.Resources<?> org.springframework.data.rest.webmvc.RepositoryEntityController.getCollectionResource(org.springframework.data.rest.webmvc.RootResourceInformation,org.springframework.data.rest.webmvc.support.DefaultedPageable,org.springframework.data.domain.Sort,org.springframework.data.rest.webmvc.PersistentEntityResourceAssembler) throws org.springframework.data.rest.webmvc.ResourceNotFoundException,org.springframework.web.HttpRequestMethodNotSupportedException
2016-10-13 20:14:04.907  INFO 8096 --- [main] o.s.d.r.w.RepositoryRestHandlerMapping   : Mapped "{[/{repository}/{id}],methods=[HEAD],produces=[application/hal+json || application/json || application/*+json;charset=UTF-8]}" onto public org.springframework.http.ResponseEntity<?> org.springframework.data.rest.webmvc.RepositoryEntityController.headForItemResource(org.springframework.data.rest.webmvc.RootResourceInformation,java.io.Serializable,org.springframework.data.rest.webmvc.PersistentEntityResourceAssembler) throws org.springframework.web.HttpRequestMethodNotSupportedException
2016-10-13 20:14:04.908  INFO 8096 --- [main] o.s.d.r.w.RepositoryRestHandlerMapping   : Mapped "{[/{repository}],methods=[GET],produces=[application/x-spring-data-compact+json || text/uri-list]}" onto public org.springframework.hateoas.Resources<?> org.springframework.data.rest.webmvc.RepositoryEntityController.getCollectionResourceCompact(org.springframework.data.rest.webmvc.RootResourceInformation,org.springframework.data.rest.webmvc.support.DefaultedPageable,org.springframework.data.domain.Sort,org.springframework.data.rest.webmvc.PersistentEntityResourceAssembler) throws org.springframework.data.rest.webmvc.ResourceNotFoundException,org.springframework.web.HttpRequestMethodNotSupportedException
2016-10-13 20:14:04.909  INFO 8096 --- [main] o.s.d.r.w.RepositoryRestHandlerMapping   : Mapped "{[/{repository}/{id}],methods=[DELETE],produces=[application/hal+json || application/json || application/*+json;charset=UTF-8]}" onto public org.springframework.http.ResponseEntity<?> org.springframework.data.rest.webmvc.RepositoryEntityController.deleteItemResource(org.springframework.data.rest.webmvc.RootResourceInformation,java.io.Serializable,org.springframework.data.rest.webmvc.support.ETag) throws org.springframework.data.rest.webmvc.ResourceNotFoundException,org.springframework.web.HttpRequestMethodNotSupportedException
2016-10-13 20:14:04.909  INFO 8096 --- [main] o.s.d.r.w.RepositoryRestHandlerMapping   : Mapped "{[/{repository}],methods=[OPTIONS],produces=[application/hal+json || application/json || application/*+json;charset=UTF-8]}" onto public org.springframework.http.ResponseEntity<?> org.springframework.data.rest.webmvc.RepositoryEntityController.optionsForCollectionResource(org.springframework.data.rest.webmvc.RootResourceInformation)
2016-10-13 20:14:04.909  INFO 8096 --- [main] o.s.d.r.w.RepositoryRestHandlerMapping   : Mapped "{[/{repository}],methods=[POST],produces=[application/hal+json || application/json || application/*+json;charset=UTF-8]}" onto public org.springframework.http.ResponseEntity<org.springframework.hateoas.ResourceSupport> org.springframework.data.rest.webmvc.RepositoryEntityController.postCollectionResource(org.springframework.data.rest.webmvc.RootResourceInformation,org.springframework.data.rest.webmvc.PersistentEntityResource,org.springframework.data.rest.webmvc.PersistentEntityResourceAssembler,java.lang.String) throws org.springframework.web.HttpRequestMethodNotSupportedException
2016-10-13 20:14:04.911  INFO 8096 --- [main] o.s.d.r.w.RepositoryRestHandlerMapping   : Mapped "{[/{repository}/{id}/{property}],methods=[PATCH || PUT || POST],consumes=[application/json || application/x-spring-data-compact+json || text/uri-list],produces=[application/hal+json || application/json || application/*+json;charset=UTF-8]}" onto public org.springframework.http.ResponseEntity<? extends org.springframework.hateoas.ResourceSupport> org.springframework.data.rest.webmvc.RepositoryPropertyReferenceController.createPropertyReference(org.springframework.data.rest.webmvc.RootResourceInformation,org.springframework.http.HttpMethod,org.springframework.hateoas.Resources<java.lang.Object>,java.io.Serializable,java.lang.String) throws java.lang.Exception
2016-10-13 20:14:04.912  INFO 8096 --- [main] o.s.d.r.w.RepositoryRestHandlerMapping   : Mapped "{[/{repository}/{id}/{property}],methods=[DELETE],produces=[application/hal+json || application/json || application/*+json;charset=UTF-8]}" onto public org.springframework.http.ResponseEntity<? extends org.springframework.hateoas.ResourceSupport> org.springframework.data.rest.webmvc.RepositoryPropertyReferenceController.deletePropertyReference(org.springframework.data.rest.webmvc.RootResourceInformation,java.io.Serializable,java.lang.String) throws java.lang.Exception
2016-10-13 20:14:04.912  INFO 8096 --- [main] o.s.d.r.w.RepositoryRestHandlerMapping   : Mapped "{[/{repository}/{id}/{property}],methods=[GET],produces=[application/x-spring-data-compact+json || text/uri-list]}" onto public org.springframework.http.ResponseEntity<org.springframework.hateoas.ResourceSupport> org.springframework.data.rest.webmvc.RepositoryPropertyReferenceController.followPropertyReferenceCompact(org.springframework.data.rest.webmvc.RootResourceInformation,java.io.Serializable,java.lang.String,org.springframework.data.rest.webmvc.PersistentEntityResourceAssembler) throws java.lang.Exception
2016-10-13 20:14:04.913  INFO 8096 --- [main] o.s.d.r.w.RepositoryRestHandlerMapping   : Mapped "{[/{repository}/{id}/{property}/{propertyId}],methods=[DELETE],produces=[application/hal+json || application/json || application/*+json;charset=UTF-8]}" onto public org.springframework.http.ResponseEntity<org.springframework.hateoas.ResourceSupport> org.springframework.data.rest.webmvc.RepositoryPropertyReferenceController.deletePropertyReferenceId(org.springframework.data.rest.webmvc.RootResourceInformation,java.io.Serializable,java.lang.String,java.lang.String) throws java.lang.Exception
2016-10-13 20:14:04.913  INFO 8096 --- [main] o.s.d.r.w.RepositoryRestHandlerMapping   : Mapped "{[/{repository}/{id}/{property}/{propertyId}],methods=[GET],produces=[application/hal+json || application/json || application/*+json;charset=UTF-8]}" onto public org.springframework.http.ResponseEntity<org.springframework.hateoas.ResourceSupport> org.springframework.data.rest.webmvc.RepositoryPropertyReferenceController.followPropertyReference(org.springframework.data.rest.webmvc.RootResourceInformation,java.io.Serializable,java.lang.String,java.lang.String,org.springframework.data.rest.webmvc.PersistentEntityResourceAssembler) throws java.lang.Exception
2016-10-13 20:14:04.913  INFO 8096 --- [main] o.s.d.r.w.RepositoryRestHandlerMapping   : Mapped "{[/{repository}/{id}/{property}],methods=[GET],produces=[application/hal+json || application/json || application/*+json;charset=UTF-8]}" onto public org.springframework.http.ResponseEntity<org.springframework.hateoas.ResourceSupport> org.springframework.data.rest.webmvc.RepositoryPropertyReferenceController.followPropertyReference(org.springframework.data.rest.webmvc.RootResourceInformation,java.io.Serializable,java.lang.String,org.springframework.data.rest.webmvc.PersistentEntityResourceAssembler) throws java.lang.Exception
2016-10-13 20:14:04.915  INFO 8096 --- [main] o.s.d.r.w.RepositoryRestHandlerMapping   : Mapped "{[/{repository}/search],methods=[GET],produces=[application/hal+json || application/json || application/*+json;charset=UTF-8]}" onto public org.springframework.data.rest.webmvc.RepositorySearchesResource org.springframework.data.rest.webmvc.RepositorySearchController.listSearches(org.springframework.data.rest.webmvc.RootResourceInformation)
2016-10-13 20:14:04.920  INFO 8096 --- [main] o.s.d.r.w.RepositoryRestHandlerMapping   : Mapped "{[/{repository}/search/{search}],methods=[GET],produces=[application/hal+json || application/json || application/*+json;charset=UTF-8]}" onto public org.springframework.http.ResponseEntity<java.lang.Object> org.springframework.data.rest.webmvc.RepositorySearchController.executeSearch(org.springframework.data.rest.webmvc.RootResourceInformation,org.springframework.util.MultiValueMap<java.lang.String, java.lang.Object>,java.lang.String,org.springframework.data.rest.webmvc.support.DefaultedPageable,org.springframework.data.domain.Sort,org.springframework.data.rest.webmvc.PersistentEntityResourceAssembler)
2016-10-13 20:14:04.920  INFO 8096 --- [main] o.s.d.r.w.RepositoryRestHandlerMapping   : Mapped "{[/{repository}/search],methods=[HEAD],produces=[application/hal+json || application/json || application/*+json;charset=UTF-8]}" onto public org.springframework.http.HttpEntity<?> org.springframework.data.rest.webmvc.RepositorySearchController.headForSearches(org.springframework.data.rest.webmvc.RootResourceInformation)
2016-10-13 20:14:04.920  INFO 8096 --- [main] o.s.d.r.w.RepositoryRestHandlerMapping   : Mapped "{[/{repository}/search/{search}],methods=[HEAD],produces=[application/hal+json || application/json || application/*+json;charset=UTF-8]}" onto public org.springframework.http.ResponseEntity<java.lang.Object> org.springframework.data.rest.webmvc.RepositorySearchController.headForSearch(org.springframework.data.rest.webmvc.RootResourceInformation,java.lang.String)
2016-10-13 20:14:04.921  INFO 8096 --- [main] o.s.d.r.w.RepositoryRestHandlerMapping   : Mapped "{[/{repository}/search/{search}],methods=[OPTIONS],produces=[application/hal+json || application/json || application/*+json;charset=UTF-8]}" onto public org.springframework.http.ResponseEntity<java.lang.Object> org.springframework.data.rest.webmvc.RepositorySearchController.optionsForSearch(org.springframework.data.rest.webmvc.RootResourceInformation,java.lang.String)
2016-10-13 20:14:04.921  INFO 8096 --- [main] o.s.d.r.w.RepositoryRestHandlerMapping   : Mapped "{[/{repository}/search],methods=[OPTIONS],produces=[application/hal+json || application/json || application/*+json;charset=UTF-8]}" onto public org.springframework.http.HttpEntity<?> org.springframework.data.rest.webmvc.RepositorySearchController.optionsForSearches(org.springframework.data.rest.webmvc.RootResourceInformation)
2016-10-13 20:14:04.921  INFO 8096 --- [main] o.s.d.r.w.RepositoryRestHandlerMapping   : Mapped "{[/{repository}/search/{search}],methods=[GET],produces=[application/x-spring-data-compact+json]}" onto public org.springframework.hateoas.ResourceSupport org.springframework.data.rest.webmvc.RepositorySearchController.executeSearchCompact(org.springframework.data.rest.webmvc.RootResourceInformation,org.springframework.util.MultiValueMap<java.lang.String, java.lang.Object>,java.lang.String,java.lang.String,org.springframework.data.rest.webmvc.support.DefaultedPageable,org.springframework.data.domain.Sort,org.springframework.data.rest.webmvc.PersistentEntityResourceAssembler)
2016-10-13 20:14:04.924  INFO 8096 --- [main] o.s.d.r.w.BasePathAwareHandlerMapping    : Mapped "{[/profile/{repository}],methods=[GET],produces=[application/alps+json || */*]}" onto org.springframework.http.HttpEntity<org.springframework.data.rest.webmvc.RootResourceInformation> org.springframework.data.rest.webmvc.alps.AlpsController.descriptor(org.springframework.data.rest.webmvc.RootResourceInformation)
2016-10-13 20:14:04.924  INFO 8096 --- [main] o.s.d.r.w.BasePathAwareHandlerMapping    : Mapped "{[/profile/{repository}],methods=[OPTIONS],produces=[application/alps+json]}" onto org.springframework.http.HttpEntity<?> org.springframework.data.rest.webmvc.alps.AlpsController.alpsOptions()
2016-10-13 20:14:04.925  INFO 8096 --- [main] o.s.d.r.w.BasePathAwareHandlerMapping    : Mapped "{[/profile],methods=[OPTIONS]}" onto public org.springframework.http.HttpEntity<?> org.springframework.data.rest.webmvc.ProfileController.profileOptions()
2016-10-13 20:14:04.925  INFO 8096 --- [main] o.s.d.r.w.BasePathAwareHandlerMapping    : Mapped "{[/profile],methods=[GET]}" onto org.springframework.http.HttpEntity<org.springframework.hateoas.ResourceSupport> org.springframework.data.rest.webmvc.ProfileController.listAllFormsOfMetadata()
2016-10-13 20:14:04.926  INFO 8096 --- [main] o.s.d.r.w.BasePathAwareHandlerMapping    : Mapped "{[/profile/{repository}],methods=[GET],produces=[application/schema+json]}" onto public org.springframework.http.HttpEntity<org.springframework.data.rest.webmvc.json.JsonSchema> org.springframework.data.rest.webmvc.RepositorySchemaController.schema(org.springframework.data.rest.webmvc.RootResourceInformation)
2016-10-13 20:14:04.938  INFO 8096 --- [main] .m.m.a.ExceptionHandlerExceptionResolver : Detected @ExceptionHandler methods in repositoryRestExceptionHandler
2016-10-13 20:14:05.502  INFO 8096 --- [main] s.b.c.e.t.TomcatEmbeddedServletContainer : Tomcat started on port(s): 8080 (http)
2016-10-13 20:14:05.507  INFO 8096 --- [main] nl.avans.facturatie.main.Application     : Started Application in 4.829 seconds (JVM running for 5.298)
2016-10-13 20:14:08.466  INFO 8096 --- [http-nio-8080-exec-1] o.a.c.c.C.[Tomcat].[localhost].[/]       : Initializing Spring FrameworkServlet 'dispatcherServlet'
2016-10-13 20:14:08.466  INFO 8096 --- [http-nio-8080-exec-1] o.s.web.servlet.DispatcherServlet        : FrameworkServlet 'dispatcherServlet': initialization started
2016-10-13 20:14:08.495  INFO 8096 --- [http-nio-8080-exec-1] o.s.web.servlet.DispatcherServlet        : FrameworkServlet 'dispatcherServlet': initialization completed in 21 ms
